F:\WORKPLACE\CG PROJECTS\KITE WITH LEAPMOTION\SRC\KITE\DEBUG\RX_TRACKBALL.OBJ
F:\WORKPLACE\CG PROJECTS\KITE WITH LEAPMOTION\SRC\KITE\DEBUG\GLMAIN.OBJ
F:\WORKPLACE\CG PROJECTS\KITE WITH LEAPMOTION\SRC\KITE\DEBUG\RX_KITE.OBJ
F:\WORKPLACE\CG PROJECTS\KITE WITH LEAPMOTION\SRC\KITE\DEBUG\RX_SOLVER.OBJ
F:\WORKPLACE\CG PROJECTS\KITE WITH LEAPMOTION\SRC\KITE\DEBUG\VC110.PDB
F:\WORKPLACE\CG PROJECTS\KITE WITH LEAPMOTION\SRC\KITE\DEBUG\KITE.ILK
F:\WORKPLACE\CG PROJECTS\KITE WITH LEAPMOTION\SRC\KITE\DEBUG\KITE.EXE
F:\WORKPLACE\CG PROJECTS\KITE WITH LEAPMOTION\SRC\KITE\DEBUG\KITE.PDB
F:\WorkPlace\CG Projects\kite with LeapMotion\src\kite\Debug\glmain.obj
F:\WorkPlace\CG Projects\kite with LeapMotion\src\kite\Debug\rx_kite.obj
F:\WorkPlace\CG Projects\kite with LeapMotion\src\kite\Debug\rx_solver.obj
F:\WorkPlace\CG Projects\kite with LeapMotion\src\kite\Debug\rx_trackball.obj
F:\WorkPlace\CG Projects\kite with LeapMotion\src\kite\Debug\kite.ilk
F:\WorkPlace\CG Projects\kite with LeapMotion\src\kite\Debug\cl.command.1.tlog
F:\WorkPlace\CG Projects\kite with LeapMotion\src\kite\Debug\CL.read.1.tlog
F:\WorkPlace\CG Projects\kite with LeapMotion\src\kite\Debug\CL.write.1.tlog
F:\WorkPlace\CG Projects\kite with LeapMotion\src\kite\Debug\link-cvtres.read.1.tlog
F:\WorkPlace\CG Projects\kite with LeapMotion\src\kite\Debug\link-cvtres.write.1.tlog
F:\WorkPlace\CG Projects\kite with LeapMotion\src\kite\Debug\link-rc.read.1.tlog
F:\WorkPlace\CG Projects\kite with LeapMotion\src\kite\Debug\link-rc.write.1.tlog
F:\WorkPlace\CG Projects\kite with LeapMotion\src\kite\Debug\link.command.1.tlog
F:\WorkPlace\CG Projects\kite with LeapMotion\src\kite\Debug\link.read.1.tlog
F:\WorkPlace\CG Projects\kite with LeapMotion\src\kite\Debug\link.write.1.tlog
F:\WorkPlace\CG Projects\kite with LeapMotion\src\kite\Debug\vc110.idb
F:\WorkPlace\CG Projects\kite with LeapMotion\src\kite\Debug\kite.pdb
F:\WorkPlace\CG Projects\kite with LeapMotion\src\kite\Debug\vc110.pdb
F:\WorkPlace\CG Projects\kite with LeapMotion\src\kite\Debug\kite.exe
