F:\WORKPLACE\CG PROJECTS\STRINGKITE\STRINGKITE\STRINGKITE\DEBUG\SIM_FLUID.OBJ
F:\WORKPLACE\CG PROJECTS\STRINGKITE\STRINGKITE\STRINGKITE\DEBUG\RX_TRACKBALL.OBJ
F:\WORKPLACE\CG PROJECTS\STRINGKITE\STRINGKITE\STRINGKITE\DEBUG\VC110.PDB
F:\WORKPLACE\CG PROJECTS\STRINGKITE\STRINGKITE\STRINGKITE\DEBUG\CSM.OBJ
F:\WORKPLACE\CG PROJECTS\STRINGKITE\STRINGKITE\STRINGKITE\DEBUG\SIM_KITESHAPE.OBJ
F:\WORKPLACE\CG PROJECTS\STRINGKITE\STRINGKITE\STRINGKITE\DEBUG\STRINGKITE.OBJ
F:\WORKPLACE\CG PROJECTS\STRINGKITE\STRINGKITE\STRINGKITE\DEBUG\SIM_STRING.OBJ
F:\WORKPLACE\CG PROJECTS\STRINGKITE\STRINGKITE\STRINGKITE\DEBUG\FTL.OBJ
F:\WORKPLACE\CG PROJECTS\STRINGKITE\STRINGKITE\STRINGKITE\DEBUG\MAIN.OBJ
F:\WORKPLACE\CG PROJECTS\STRINGKITE\STRINGKITE\DEBUG\STRINGKITE.ILK
F:\WORKPLACE\CG PROJECTS\STRINGKITE\STRINGKITE\DEBUG\STRINGKITE.EXE
F:\WORKPLACE\CG PROJECTS\STRINGKITE\STRINGKITE\DEBUG\STRINGKITE.PDB
F:\WorkPlace\CG Projects\stringkite\StringKite\StringKite\Debug\CSM.obj
F:\WorkPlace\CG Projects\stringkite\StringKite\StringKite\Debug\FTL.obj
F:\WorkPlace\CG Projects\stringkite\StringKite\StringKite\Debug\main.obj
F:\WorkPlace\CG Projects\stringkite\StringKite\StringKite\Debug\rx_trackball.obj
F:\WorkPlace\CG Projects\stringkite\StringKite\StringKite\Debug\sim_fluid.obj
F:\WorkPlace\CG Projects\stringkite\StringKite\StringKite\Debug\sim_kiteShape.obj
F:\WorkPlace\CG Projects\stringkite\StringKite\StringKite\Debug\sim_string.obj
F:\WorkPlace\CG Projects\stringkite\StringKite\StringKite\Debug\stringKite.obj
F:\WorkPlace\CG Projects\stringkite\StringKite\StringKite\Debug\cl.command.1.tlog
F:\WorkPlace\CG Projects\stringkite\StringKite\StringKite\Debug\CL.read.1.tlog
F:\WorkPlace\CG Projects\stringkite\StringKite\StringKite\Debug\CL.write.1.tlog
F:\WorkPlace\CG Projects\stringkite\StringKite\StringKite\Debug\link-cvtres.read.1.tlog
F:\WorkPlace\CG Projects\stringkite\StringKite\StringKite\Debug\link-cvtres.write.1.tlog
F:\WorkPlace\CG Projects\stringkite\StringKite\StringKite\Debug\link-rc.read.1.tlog
F:\WorkPlace\CG Projects\stringkite\StringKite\StringKite\Debug\link-rc.write.1.tlog
F:\WorkPlace\CG Projects\stringkite\StringKite\StringKite\Debug\link.3960-cvtres.read.1.tlog
F:\WorkPlace\CG Projects\stringkite\StringKite\StringKite\Debug\link.3960-cvtres.write.1.tlog
F:\WorkPlace\CG Projects\stringkite\StringKite\StringKite\Debug\link.3960-rc.read.1.tlog
F:\WorkPlace\CG Projects\stringkite\StringKite\StringKite\Debug\link.3960-rc.write.1.tlog
F:\WorkPlace\CG Projects\stringkite\StringKite\StringKite\Debug\link.3960.read.1.tlog
F:\WorkPlace\CG Projects\stringkite\StringKite\StringKite\Debug\link.3960.write.1.tlog
F:\WorkPlace\CG Projects\stringkite\StringKite\StringKite\Debug\link.4584-cvtres.read.1.tlog
F:\WorkPlace\CG Projects\stringkite\StringKite\StringKite\Debug\link.4584-cvtres.write.1.tlog
F:\WorkPlace\CG Projects\stringkite\StringKite\StringKite\Debug\link.4584-rc.read.1.tlog
F:\WorkPlace\CG Projects\stringkite\StringKite\StringKite\Debug\link.4584-rc.write.1.tlog
F:\WorkPlace\CG Projects\stringkite\StringKite\StringKite\Debug\link.4584.read.1.tlog
F:\WorkPlace\CG Projects\stringkite\StringKite\StringKite\Debug\link.4584.write.1.tlog
F:\WorkPlace\CG Projects\stringkite\StringKite\StringKite\Debug\link.5348-cvtres.read.1.tlog
F:\WorkPlace\CG Projects\stringkite\StringKite\StringKite\Debug\link.5348-cvtres.write.1.tlog
F:\WorkPlace\CG Projects\stringkite\StringKite\StringKite\Debug\link.5348-rc.read.1.tlog
F:\WorkPlace\CG Projects\stringkite\StringKite\StringKite\Debug\link.5348-rc.write.1.tlog
F:\WorkPlace\CG Projects\stringkite\StringKite\StringKite\Debug\link.5348.read.1.tlog
F:\WorkPlace\CG Projects\stringkite\StringKite\StringKite\Debug\link.5348.write.1.tlog
F:\WorkPlace\CG Projects\stringkite\StringKite\StringKite\Debug\link.command.1.tlog
F:\WorkPlace\CG Projects\stringkite\StringKite\StringKite\Debug\link.read.1.tlog
F:\WorkPlace\CG Projects\stringkite\StringKite\StringKite\Debug\link.write.1.tlog
F:\WorkPlace\CG Projects\stringkite\StringKite\StringKite\Debug\vc110.idb
F:\WorkPlace\CG Projects\stringkite\StringKite\StringKite\Debug\vc110.pdb
F:\WorkPlace\CG Projects\stringkite\StringKite\Debug\StringKite.pdb
F:\WorkPlace\CG Projects\stringkite\StringKite\Debug\StringKite.exe
F:\WorkPlace\CG Projects\stringkite\StringKite\Debug\StringKite.ilk
