Build started 2015/05/28 15:37:57.
     1>Project "F:\WorkPlace\VS WorkPlace\OpenGL_WorkSpace\MassSpringSimulation\MassSpringSimulation\MassSpringSimulation\MassSpringSimulation.vcxproj" on node 2 (Build target(s)).
     1>ClCompile:
         C:\Program Files (x86)\Microsoft Visual Studio 11.0\VC\bin\CL.exe /c /ZI /nologo /W3 /WX- /Od /Oy- /D _MBCS /Gm /EHsc /RTC1 /MDd /GS /fp:precise /Zc:wchar_t /Zc:forScope /Fo"Debug\\" /Fd"Debug\vc110.pdb" /Gd /TP /analyze- /errorReport:prompt glmain.cpp mass.cpp RopeSimulator.cpp rx_trackball.cpp spring.cpp
         spring.cpp
     1>f:\workplace\vs workplace\opengl_workspace\massspringsimulation\massspringsimulation\massspringsimulation\spring.cpp(26): warning C4244: 'initializing' : conversion from 'double' to 'float', possible loss of data
         rx_trackball.cpp
         RopeSimulator.cpp
     1>f:\workplace\vs workplace\opengl_workspace\massspringsimulation\massspringsimulation\massspringsimulation\ropesimulator.cpp(110): warning C4244: 'return' : conversion from 'int' to 'float', possible loss of data
         mass.cpp
         glmain.cpp
     1>f:\workplace\vs workplace\opengl_workspace\massspringsimulation\massspringsimulation\massspringsimulation\glmain.cpp(60): warning C4244: 'argument' : conversion from 'double' to 'unsigned int', possible loss of data
     1>f:\workplace\vs workplace\opengl_workspace\massspringsimulation\massspringsimulation\massspringsimulation\glmain.cpp(131): warning C4244: 'argument' : conversion from 'double' to 'GLfloat', possible loss of data
     1>f:\workplace\vs workplace\opengl_workspace\massspringsimulation\massspringsimulation\massspringsimulation\glmain.cpp(132): warning C4244: 'argument' : conversion from 'double' to 'GLfloat', possible loss of data
     1>f:\workplace\vs workplace\opengl_workspace\massspringsimulation\massspringsimulation\massspringsimulation\glmain.cpp(160): warning C4244: 'argument' : conversion from 'double' to 'GLfloat', possible loss of data
     1>f:\workplace\vs workplace\opengl_workspace\massspringsimulation\massspringsimulation\massspringsimulation\glmain.cpp(200): warning C4305: 'initializing' : truncation from 'double' to 'float'
     1>f:\workplace\vs workplace\opengl_workspace\massspringsimulation\massspringsimulation\massspringsimulation\glmain.cpp(209): warning C4244: 'initializing' : conversion from 'double' to 'float', possible loss of data
     1>f:\workplace\vs workplace\opengl_workspace\massspringsimulation\massspringsimulation\massspringsimulation\glmain.cpp(210): warning C4305: 'initializing' : truncation from 'double' to 'float'
     1>f:\workplace\vs workplace\opengl_workspace\massspringsimulation\massspringsimulation\massspringsimulation\glmain.cpp(220): warning C4244: 'argument' : conversion from 'double' to 'unsigned int', possible loss of data
     1>f:\workplace\vs workplace\opengl_workspace\massspringsimulation\massspringsimulation\massspringsimulation\glmain.cpp(243): warning C4244: 'argument' : conversion from 'float' to 'int', possible loss of data
         Generating Code...
       Link:
         C:\Program Files (x86)\Microsoft Visual Studio 11.0\VC\bin\link.exe /ERRORREPORT:PROMPT /OUT:"F:\WorkPlace\VS WorkPlace\OpenGL_WorkSpace\MassSpringSimulation\MassSpringSimulation\Debug\MassSpringSimulation.exe" /INCREMENTAL /NOLOGO kernel32.lib user32.lib gdi32.lib winspool.lib comdlg32.lib advapi32.lib shell32.lib ole32.lib oleaut32.lib uuid.lib odbc32.lib odbccp32.lib /MANIFEST /MANIFESTUAC:"level='asInvoker' uiAccess='false'" /manifest:embed /DEBUG /PDB:"F:\WorkPlace\VS WorkPlace\OpenGL_WorkSpace\MassSpringSimulation\MassSpringSimulation\Debug\MassSpringSimulation.pdb" /TLBID:1 /DYNAMICBASE /NXCOMPAT /IMPLIB:"F:\WorkPlace\VS WorkPlace\OpenGL_WorkSpace\MassSpringSimulation\MassSpringSimulation\Debug\MassSpringSimulation.lib" /MACHINE:X86 Debug\glmain.obj
         Debug\mass.obj
         Debug\RopeSimulator.obj
         Debug\rx_trackball.obj
         Debug\spring.obj
         MassSpringSimulation.vcxproj -> F:\WorkPlace\VS WorkPlace\OpenGL_WorkSpace\MassSpringSimulation\MassSpringSimulation\Debug\MassSpringSimulation.exe
     1>Done Building Project "F:\WorkPlace\VS WorkPlace\OpenGL_WorkSpace\MassSpringSimulation\MassSpringSimulation\MassSpringSimulation\MassSpringSimulation.vcxproj" (Build target(s)).

Build succeeded.

Time Elapsed 00:00:02.84
