F:\WORKPLACE\VS WORKPLACE\OPENGL_WORKSPACE\HAIRSIMULATION\FTL\FTL\DEBUG\FTL.OBJ
F:\WORKPLACE\VS WORKPLACE\OPENGL_WORKSPACE\HAIRSIMULATION\FTL\FTL\DEBUG\GLMAIN.OBJ
F:\WORKPLACE\VS WORKPLACE\OPENGL_WORKSPACE\HAIRSIMULATION\FTL\FTL\DEBUG\RX_TRACKBALL.OBJ
F:\WORKPLACE\VS WORKPLACE\OPENGL_WORKSPACE\HAIRSIMULATION\FTL\FTL\DEBUG\VC110.PDB
F:\WORKPLACE\VS WORKPLACE\OPENGL_WORKSPACE\HAIRSIMULATION\FTL\DEBUG\FTL.ILK
F:\WORKPLACE\VS WORKPLACE\OPENGL_WORKSPACE\HAIRSIMULATION\FTL\DEBUG\FTL.EXE
F:\WORKPLACE\VS WORKPLACE\OPENGL_WORKSPACE\HAIRSIMULATION\FTL\DEBUG\FTL.PDB
F:\WorkPlace\VS WorkPlace\OpenGL_WorkSpace\HairSimulation\FTL\FTL\Debug\FTL.obj
F:\WorkPlace\VS WorkPlace\OpenGL_WorkSpace\HairSimulation\FTL\FTL\Debug\glmain.obj
F:\WorkPlace\VS WorkPlace\OpenGL_WorkSpace\HairSimulation\FTL\FTL\Debug\rx_trackball.obj
F:\WorkPlace\VS WorkPlace\OpenGL_WorkSpace\HairSimulation\FTL\FTL\Debug\cl.command.1.tlog
F:\WorkPlace\VS WorkPlace\OpenGL_WorkSpace\HairSimulation\FTL\FTL\Debug\CL.read.1.tlog
F:\WorkPlace\VS WorkPlace\OpenGL_WorkSpace\HairSimulation\FTL\FTL\Debug\CL.write.1.tlog
F:\WorkPlace\VS WorkPlace\OpenGL_WorkSpace\HairSimulation\FTL\FTL\Debug\link-cvtres.read.1.tlog
F:\WorkPlace\VS WorkPlace\OpenGL_WorkSpace\HairSimulation\FTL\FTL\Debug\link-cvtres.write.1.tlog
F:\WorkPlace\VS WorkPlace\OpenGL_WorkSpace\HairSimulation\FTL\FTL\Debug\link-rc.read.1.tlog
F:\WorkPlace\VS WorkPlace\OpenGL_WorkSpace\HairSimulation\FTL\FTL\Debug\link-rc.write.1.tlog
F:\WorkPlace\VS WorkPlace\OpenGL_WorkSpace\HairSimulation\FTL\FTL\Debug\link.2184-cvtres.read.1.tlog
F:\WorkPlace\VS WorkPlace\OpenGL_WorkSpace\HairSimulation\FTL\FTL\Debug\link.2184-cvtres.write.1.tlog
F:\WorkPlace\VS WorkPlace\OpenGL_WorkSpace\HairSimulation\FTL\FTL\Debug\link.2184-rc.read.1.tlog
F:\WorkPlace\VS WorkPlace\OpenGL_WorkSpace\HairSimulation\FTL\FTL\Debug\link.2184-rc.write.1.tlog
F:\WorkPlace\VS WorkPlace\OpenGL_WorkSpace\HairSimulation\FTL\FTL\Debug\link.2184.read.1.tlog
F:\WorkPlace\VS WorkPlace\OpenGL_WorkSpace\HairSimulation\FTL\FTL\Debug\link.2184.write.1.tlog
F:\WorkPlace\VS WorkPlace\OpenGL_WorkSpace\HairSimulation\FTL\FTL\Debug\link.command.1.tlog
F:\WorkPlace\VS WorkPlace\OpenGL_WorkSpace\HairSimulation\FTL\FTL\Debug\link.read.1.tlog
F:\WorkPlace\VS WorkPlace\OpenGL_WorkSpace\HairSimulation\FTL\FTL\Debug\link.write.1.tlog
F:\WorkPlace\VS WorkPlace\OpenGL_WorkSpace\HairSimulation\FTL\FTL\Debug\vc110.idb
F:\WorkPlace\VS WorkPlace\OpenGL_WorkSpace\HairSimulation\FTL\FTL\Debug\vc110.pdb
F:\WorkPlace\VS WorkPlace\OpenGL_WorkSpace\HairSimulation\FTL\Debug\FTL.pdb
F:\WorkPlace\VS WorkPlace\OpenGL_WorkSpace\HairSimulation\FTL\Debug\FTL.exe
F:\WorkPlace\VS WorkPlace\OpenGL_WorkSpace\HairSimulation\FTL\Debug\FTL.ilk
