Build started 2016/03/10 13:18:16.
     1>Project "F:\WorkPlace\VS WorkPlace\GitHub上传\OpenGL_projects\HairSimulation\FTL\FTL\FTL.vcxproj" on node 2 (Build target(s)).
     1>ClCompile:
         C:\Program Files (x86)\Microsoft Visual Studio 11.0\VC\bin\CL.exe /c /ZI /nologo /W3 /WX- /sdl /Od /Oy- /D _CRT_SECURE_NO_WARNINGS /D _MBCS /Gm /EHsc /RTC1 /MDd /GS /fp:precise /Zc:wchar_t /Zc:forScope /Fo"Debug\\" /Fd"Debug\vc110.pdb" /Gd /TP /analyze- /errorReport:prompt FTL.cpp glmain.cpp rx_trackball.cpp
         rx_trackball.cpp
         glmain.cpp
     1>f:\workplace\vs workplace\github上传\opengl_projects\hairsimulation\ftl\ftl\glmain.cpp(209): warning C4305: 'argument' : truncation from 'double' to 'float'
         FTL.cpp
     1>f:\workplace\vs workplace\github上传\opengl_projects\hairsimulation\ftl\ftl\ftl.cpp(14): warning C4305: '=' : truncation from 'double' to 'float'
     1>f:\workplace\vs workplace\github上传\opengl_projects\hairsimulation\ftl\ftl\ftl.cpp(74): warning C4018: '<' : signed/unsigned mismatch
     1>f:\workplace\vs workplace\github上传\opengl_projects\hairsimulation\ftl\ftl\ftl.cpp(85): warning C4018: '<' : signed/unsigned mismatch
         Generating Code...
       Link:
         C:\Program Files (x86)\Microsoft Visual Studio 11.0\VC\bin\link.exe /ERRORREPORT:PROMPT /OUT:"F:\WorkPlace\VS WorkPlace\GitHub上传\OpenGL_projects\HairSimulation\FTL\Debug\FTL.exe" /INCREMENTAL /NOLOGO kernel32.lib user32.lib gdi32.lib winspool.lib comdlg32.lib advapi32.lib shell32.lib ole32.lib oleaut32.lib uuid.lib odbc32.lib odbccp32.lib /MANIFEST /MANIFESTUAC:"level='asInvoker' uiAccess='false'" /manifest:embed /DEBUG /PDB:"F:\WorkPlace\VS WorkPlace\GitHub上传\OpenGL_projects\HairSimulation\FTL\Debug\FTL.pdb" /TLBID:1 /DYNAMICBASE /NXCOMPAT /IMPLIB:"F:\WorkPlace\VS WorkPlace\GitHub上传\OpenGL_projects\HairSimulation\FTL\Debug\FTL.lib" /MACHINE:X86 Debug\FTL.obj
         Debug\glmain.obj
         Debug\rx_trackball.obj
         FTL.vcxproj -> F:\WorkPlace\VS WorkPlace\GitHub上传\OpenGL_projects\HairSimulation\FTL\Debug\FTL.exe
     1>Done Building Project "F:\WorkPlace\VS WorkPlace\GitHub上传\OpenGL_projects\HairSimulation\FTL\FTL\FTL.vcxproj" (Build target(s)).

Build succeeded.

Time Elapsed 00:00:02.24
