F:\WORKPLACE\VS WORKPLACE\OPENGL_WORKSPACE\SHAPEMATCHINGSIMULATION\SHAPEMATCHINGSIMULATION\SHAPEMATCHINGSIMULATION\DEBUG\RX_TRACKBALL.OBJ
F:\WORKPLACE\VS WORKPLACE\OPENGL_WORKSPACE\SHAPEMATCHINGSIMULATION\SHAPEMATCHINGSIMULATION\SHAPEMATCHINGSIMULATION\DEBUG\M2MATRIX.OBJ
F:\WORKPLACE\VS WORKPLACE\OPENGL_WORKSPACE\SHAPEMATCHINGSIMULATION\SHAPEMATCHINGSIMULATION\SHAPEMATCHINGSIMULATION\DEBUG\M5MATRIX.OBJ
F:\WORKPLACE\VS WORKPLACE\OPENGL_WORKSPACE\SHAPEMATCHINGSIMULATION\SHAPEMATCHINGSIMULATION\SHAPEMATCHINGSIMULATION\DEBUG\DEFORMABLE.OBJ
F:\WORKPLACE\VS WORKPLACE\OPENGL_WORKSPACE\SHAPEMATCHINGSIMULATION\SHAPEMATCHINGSIMULATION\SHAPEMATCHINGSIMULATION\DEBUG\GMAIN.OBJ
F:\WORKPLACE\VS WORKPLACE\OPENGL_WORKSPACE\SHAPEMATCHINGSIMULATION\SHAPEMATCHINGSIMULATION\SHAPEMATCHINGSIMULATION\DEBUG\VC110.PDB
F:\WORKPLACE\VS WORKPLACE\OPENGL_WORKSPACE\SHAPEMATCHINGSIMULATION\SHAPEMATCHINGSIMULATION\DEBUG\SHAPEMATCHINGSIMULATION.ILK
F:\WORKPLACE\VS WORKPLACE\OPENGL_WORKSPACE\SHAPEMATCHINGSIMULATION\SHAPEMATCHINGSIMULATION\DEBUG\SHAPEMATCHINGSIMULATION.EXE
F:\WORKPLACE\VS WORKPLACE\OPENGL_WORKSPACE\SHAPEMATCHINGSIMULATION\SHAPEMATCHINGSIMULATION\DEBUG\SHAPEMATCHINGSIMULATION.PDB
F:\WorkPlace\VS WorkPlace\OpenGL_WorkSpace\ShapeMatchingSimulation\ShapeMatchingSimulation\ShapeMatchingSimulation\Debug\deformable.obj
F:\WorkPlace\VS WorkPlace\OpenGL_WorkSpace\ShapeMatchingSimulation\ShapeMatchingSimulation\ShapeMatchingSimulation\Debug\gmain.obj
F:\WorkPlace\VS WorkPlace\OpenGL_WorkSpace\ShapeMatchingSimulation\ShapeMatchingSimulation\ShapeMatchingSimulation\Debug\m2Matrix.obj
F:\WorkPlace\VS WorkPlace\OpenGL_WorkSpace\ShapeMatchingSimulation\ShapeMatchingSimulation\ShapeMatchingSimulation\Debug\m5Matrix.obj
F:\WorkPlace\VS WorkPlace\OpenGL_WorkSpace\ShapeMatchingSimulation\ShapeMatchingSimulation\ShapeMatchingSimulation\Debug\rx_trackball.obj
F:\WorkPlace\VS WorkPlace\OpenGL_WorkSpace\ShapeMatchingSimulation\ShapeMatchingSimulation\ShapeMatchingSimulation\Debug\cl.command.1.tlog
F:\WorkPlace\VS WorkPlace\OpenGL_WorkSpace\ShapeMatchingSimulation\ShapeMatchingSimulation\ShapeMatchingSimulation\Debug\CL.read.1.tlog
F:\WorkPlace\VS WorkPlace\OpenGL_WorkSpace\ShapeMatchingSimulation\ShapeMatchingSimulation\ShapeMatchingSimulation\Debug\CL.write.1.tlog
F:\WorkPlace\VS WorkPlace\OpenGL_WorkSpace\ShapeMatchingSimulation\ShapeMatchingSimulation\ShapeMatchingSimulation\Debug\link-cvtres.read.1.tlog
F:\WorkPlace\VS WorkPlace\OpenGL_WorkSpace\ShapeMatchingSimulation\ShapeMatchingSimulation\ShapeMatchingSimulation\Debug\link-cvtres.write.1.tlog
F:\WorkPlace\VS WorkPlace\OpenGL_WorkSpace\ShapeMatchingSimulation\ShapeMatchingSimulation\ShapeMatchingSimulation\Debug\link-rc.read.1.tlog
F:\WorkPlace\VS WorkPlace\OpenGL_WorkSpace\ShapeMatchingSimulation\ShapeMatchingSimulation\ShapeMatchingSimulation\Debug\link-rc.write.1.tlog
F:\WorkPlace\VS WorkPlace\OpenGL_WorkSpace\ShapeMatchingSimulation\ShapeMatchingSimulation\ShapeMatchingSimulation\Debug\link.command.1.tlog
F:\WorkPlace\VS WorkPlace\OpenGL_WorkSpace\ShapeMatchingSimulation\ShapeMatchingSimulation\ShapeMatchingSimulation\Debug\link.read.1.tlog
F:\WorkPlace\VS WorkPlace\OpenGL_WorkSpace\ShapeMatchingSimulation\ShapeMatchingSimulation\ShapeMatchingSimulation\Debug\link.write.1.tlog
F:\WorkPlace\VS WorkPlace\OpenGL_WorkSpace\ShapeMatchingSimulation\ShapeMatchingSimulation\ShapeMatchingSimulation\Debug\vc110.idb
F:\WorkPlace\VS WorkPlace\OpenGL_WorkSpace\ShapeMatchingSimulation\ShapeMatchingSimulation\ShapeMatchingSimulation\Debug\vc110.pdb
F:\WorkPlace\VS WorkPlace\OpenGL_WorkSpace\ShapeMatchingSimulation\ShapeMatchingSimulation\Debug\ShapeMatchingSimulation.pdb
F:\WorkPlace\VS WorkPlace\OpenGL_WorkSpace\ShapeMatchingSimulation\ShapeMatchingSimulation\Debug\ShapeMatchingSimulation.exe
F:\WorkPlace\VS WorkPlace\OpenGL_WorkSpace\ShapeMatchingSimulation\ShapeMatchingSimulation\Debug\ShapeMatchingSimulation.ilk
