Build started 2015/07/15 10:59:57.
     1>Project "F:\WorkPlace\VS WorkPlace\OpenGL_WorkSpace\Chain_ShapeMatching\CSM\CSM\CSM.vcxproj" on node 2 (Build target(s)).
     1>ClCompile:
         C:\Program Files (x86)\Microsoft Visual Studio 11.0\VC\bin\CL.exe /c /ZI /nologo /W3 /WX- /Od /Oy- /D _MBCS /Gm /EHsc /RTC1 /MDd /GS /fp:precise /Zc:wchar_t /Zc:forScope /Fo"Debug\\" /Fd"Debug\vc110.pdb" /Gd /TP /analyze- /errorReport:prompt glmain.cpp
         glmain.cpp
     1>f:\workplace\vs workplace\common\shared\inc\rx_jpeg.h(50): warning C4996: 'fopen': This function or variable may be unsafe. Consider using fopen_s instead. To disable deprecation, use _CRT_SECURE_NO_WARNINGS. See online help for details.
                 c:\program files (x86)\microsoft visual studio 11.0\vc\include\stdio.h(218) : see declaration of 'fopen'
     1>f:\workplace\vs workplace\common\shared\inc\rx_jpeg.h(123): warning C4996: 'fopen': This function or variable may be unsafe. Consider using fopen_s instead. To disable deprecation, use _CRT_SECURE_NO_WARNINGS. See online help for details.
                 c:\program files (x86)\microsoft visual studio 11.0\vc\include\stdio.h(218) : see declaration of 'fopen'
     1>f:\workplace\vs workplace\common\shared\inc\rx_png.h(48): warning C4996: 'fopen': This function or variable may be unsafe. Consider using fopen_s instead. To disable deprecation, use _CRT_SECURE_NO_WARNINGS. See online help for details.
                 c:\program files (x86)\microsoft visual studio 11.0\vc\include\stdio.h(218) : see declaration of 'fopen'
     1>f:\workplace\vs workplace\common\shared\inc\rx_png.h(128): warning C4996: 'fopen': This function or variable may be unsafe. Consider using fopen_s instead. To disable deprecation, use _CRT_SECURE_NO_WARNINGS. See online help for details.
                 c:\program files (x86)\microsoft visual studio 11.0\vc\include\stdio.h(218) : see declaration of 'fopen'
     1>f:\workplace\vs workplace\common\shared\inc\rx_bitmap.h(181): warning C4996: 'fopen': This function or variable may be unsafe. Consider using fopen_s instead. To disable deprecation, use _CRT_SECURE_NO_WARNINGS. See online help for details.
                 c:\program files (x86)\microsoft visual studio 11.0\vc\include\stdio.h(218) : see declaration of 'fopen'
     1>f:\workplace\vs workplace\common\shared\inc\rx_bitmap.h(382): warning C4996: 'fopen': This function or variable may be unsafe. Consider using fopen_s instead. To disable deprecation, use _CRT_SECURE_NO_WARNINGS. See online help for details.
                 c:\program files (x86)\microsoft visual studio 11.0\vc\include\stdio.h(218) : see declaration of 'fopen'
     1>f:\workplace\vs workplace\common\shared\inc\rx_mesh.h(469): warning C4996: 'sscanf': This function or variable may be unsafe. Consider using sscanf_s instead. To disable deprecation, use _CRT_SECURE_NO_WARNINGS. See online help for details.
                 c:\program files (x86)\microsoft visual studio 11.0\vc\include\stdio.h(311) : see declaration of 'sscanf'
     1>f:\workplace\vs workplace\common\shared\inc\rx_mesh.h(487): warning C4996: 'sscanf': This function or variable may be unsafe. Consider using sscanf_s instead. To disable deprecation, use _CRT_SECURE_NO_WARNINGS. See online help for details.
                 c:\program files (x86)\microsoft visual studio 11.0\vc\include\stdio.h(311) : see declaration of 'sscanf'
     1>f:\workplace\vs workplace\common\shared\inc\rx_mesh.h(509): warning C4996: 'sscanf': This function or variable may be unsafe. Consider using sscanf_s instead. To disable deprecation, use _CRT_SECURE_NO_WARNINGS. See online help for details.
                 c:\program files (x86)\microsoft visual studio 11.0\vc\include\stdio.h(311) : see declaration of 'sscanf'
     1>f:\workplace\vs workplace\common\shared\inc\rx_mesh.h(531): warning C4996: 'sscanf': This function or variable may be unsafe. Consider using sscanf_s instead. To disable deprecation, use _CRT_SECURE_NO_WARNINGS. See online help for details.
                 c:\program files (x86)\microsoft visual studio 11.0\vc\include\stdio.h(311) : see declaration of 'sscanf'
     1>f:\workplace\vs workplace\common\shared\inc\rx_mesh.h(532): warning C4996: 'sscanf': This function or variable may be unsafe. Consider using sscanf_s instead. To disable deprecation, use _CRT_SECURE_NO_WARNINGS. See online help for details.
                 c:\program files (x86)\microsoft visual studio 11.0\vc\include\stdio.h(311) : see declaration of 'sscanf'
     1>f:\workplace\vs workplace\opengl_workspace\chain_shapematching\csm\csm\glmain.cpp(199): warning C4018: '<' : signed/unsigned mismatch
     1>f:\workplace\vs workplace\opengl_workspace\chain_shapematching\csm\csm\glmain.cpp(212): warning C4018: '<' : signed/unsigned mismatch
     1>f:\workplace\vs workplace\opengl_workspace\chain_shapematching\csm\csm\glmain.cpp(348): warning C4018: '<' : signed/unsigned mismatch
     1>f:\workplace\vs workplace\opengl_workspace\chain_shapematching\csm\csm\glmain.cpp(395): warning C4305: 'argument' : truncation from 'double' to 'GLclampf'
       Link:
         C:\Program Files (x86)\Microsoft Visual Studio 11.0\VC\bin\link.exe /ERRORREPORT:PROMPT /OUT:"F:\WorkPlace\VS WorkPlace\OpenGL_WorkSpace\Chain_ShapeMatching\CSM\Debug\CSM.exe" /INCREMENTAL /NOLOGO kernel32.lib user32.lib gdi32.lib winspool.lib comdlg32.lib advapi32.lib shell32.lib ole32.lib oleaut32.lib uuid.lib odbc32.lib odbccp32.lib /MANIFEST /MANIFESTUAC:"level='asInvoker' uiAccess='false'" /manifest:embed /DEBUG /PDB:"F:\WorkPlace\VS WorkPlace\OpenGL_WorkSpace\Chain_ShapeMatching\CSM\Debug\CSM.pdb" /TLBID:1 /DYNAMICBASE /NXCOMPAT /IMPLIB:"F:\WorkPlace\VS WorkPlace\OpenGL_WorkSpace\Chain_ShapeMatching\CSM\Debug\CSM.lib" /MACHINE:X86 Debug\rx_trackball.obj
         Debug\glmain.obj
         Debug\shape_matching.obj
         CSM.vcxproj -> F:\WorkPlace\VS WorkPlace\OpenGL_WorkSpace\Chain_ShapeMatching\CSM\Debug\CSM.exe
     1>Done Building Project "F:\WorkPlace\VS WorkPlace\OpenGL_WorkSpace\Chain_ShapeMatching\CSM\CSM\CSM.vcxproj" (Build target(s)).

Build succeeded.

Time Elapsed 00:00:02.80
