C:\USERS\PBCGLAB_USER\DESKTOP\STRINGKITE(LEAPMOTION)\STRINGKITE\STRINGKITE\RELEASE\SIM_STRING.OBJ
C:\USERS\PBCGLAB_USER\DESKTOP\STRINGKITE(LEAPMOTION)\STRINGKITE\STRINGKITE\RELEASE\STRINGKITE.OBJ
C:\USERS\PBCGLAB_USER\DESKTOP\STRINGKITE(LEAPMOTION)\STRINGKITE\STRINGKITE\RELEASE\SIM_KITESHAPE.OBJ
C:\USERS\PBCGLAB_USER\DESKTOP\STRINGKITE(LEAPMOTION)\STRINGKITE\STRINGKITE\RELEASE\SIM_FLUID.OBJ
C:\USERS\PBCGLAB_USER\DESKTOP\STRINGKITE(LEAPMOTION)\STRINGKITE\STRINGKITE\RELEASE\RX_TRACKBALL.OBJ
C:\USERS\PBCGLAB_USER\DESKTOP\STRINGKITE(LEAPMOTION)\STRINGKITE\STRINGKITE\RELEASE\MAIN.OBJ
C:\USERS\PBCGLAB_USER\DESKTOP\STRINGKITE(LEAPMOTION)\STRINGKITE\STRINGKITE\RELEASE\FTL.OBJ
C:\USERS\PBCGLAB_USER\DESKTOP\STRINGKITE(LEAPMOTION)\STRINGKITE\STRINGKITE\RELEASE\CSM.OBJ
C:\USERS\PBCGLAB_USER\DESKTOP\STRINGKITE(LEAPMOTION)\STRINGKITE\STRINGKITE\RELEASE\VC110.PDB
C:\USERS\PBCGLAB_USER\DESKTOP\STRINGKITE(LEAPMOTION)\STRINGKITE\RELEASE\STRINGKITE.EXE
C:\USERS\PBCGLAB_USER\DESKTOP\STRINGKITE(LEAPMOTION)\STRINGKITE\RELEASE\STRINGKITE.PDB
C:\Users\pbcglab_user\Desktop\stringkite(leapmotion)\StringKite\StringKite\Release\CSM.obj
C:\Users\pbcglab_user\Desktop\stringkite(leapmotion)\StringKite\StringKite\Release\FTL.obj
C:\Users\pbcglab_user\Desktop\stringkite(leapmotion)\StringKite\StringKite\Release\main.obj
C:\Users\pbcglab_user\Desktop\stringkite(leapmotion)\StringKite\StringKite\Release\rx_trackball.obj
C:\Users\pbcglab_user\Desktop\stringkite(leapmotion)\StringKite\StringKite\Release\sim_fluid.obj
C:\Users\pbcglab_user\Desktop\stringkite(leapmotion)\StringKite\StringKite\Release\sim_kiteShape.obj
C:\Users\pbcglab_user\Desktop\stringkite(leapmotion)\StringKite\StringKite\Release\sim_string.obj
C:\Users\pbcglab_user\Desktop\stringkite(leapmotion)\StringKite\StringKite\Release\stringKite.obj
C:\Users\pbcglab_user\Desktop\stringkite(leapmotion)\StringKite\StringKite\Release\cl.command.1.tlog
C:\Users\pbcglab_user\Desktop\stringkite(leapmotion)\StringKite\StringKite\Release\CL.read.1.tlog
C:\Users\pbcglab_user\Desktop\stringkite(leapmotion)\StringKite\StringKite\Release\CL.write.1.tlog
C:\Users\pbcglab_user\Desktop\stringkite(leapmotion)\StringKite\StringKite\Release\link-cvtres.read.1.tlog
C:\Users\pbcglab_user\Desktop\stringkite(leapmotion)\StringKite\StringKite\Release\link-cvtres.write.1.tlog
C:\Users\pbcglab_user\Desktop\stringkite(leapmotion)\StringKite\StringKite\Release\link-rc.read.1.tlog
C:\Users\pbcglab_user\Desktop\stringkite(leapmotion)\StringKite\StringKite\Release\link-rc.write.1.tlog
C:\Users\pbcglab_user\Desktop\stringkite(leapmotion)\StringKite\StringKite\Release\link.command.1.tlog
C:\Users\pbcglab_user\Desktop\stringkite(leapmotion)\StringKite\StringKite\Release\link.read.1.tlog
C:\Users\pbcglab_user\Desktop\stringkite(leapmotion)\StringKite\StringKite\Release\link.write.1.tlog
C:\Users\pbcglab_user\Desktop\stringkite(leapmotion)\StringKite\StringKite\Release\vc110.pdb
C:\Users\pbcglab_user\Desktop\stringkite(leapmotion)\StringKite\Release\StringKite.pdb
C:\Users\pbcglab_user\Desktop\stringkite(leapmotion)\StringKite\Release\StringKite.exe
