Build started 2016/08/06 13:01:09.
     1>Project "C:\Users\pbcglab_user\Desktop\stringkite(leapmotion)\StringKite\StringKite\StringKite.vcxproj" on node 2 (Build target(s)).
     1>ClCompile:
         C:\Program Files (x86)\Microsoft Visual Studio 11.0\VC\bin\CL.exe /c /I"F:\WorkPlace\VS WorkPlace\common\shared\inc" /ID:\SoftWare\LeapMotion\LeapDeveloperKit_2.3.1+31549_win\LeapSDK\include /Zi /nologo /W3 /WX- /sdl /O2 /Oi /Oy- /GL /D _CRT_SECURE_NO_WARNINGS /D _MBCS /Gm- /EHsc /MD /GS /Gy /fp:precise /Zc:wchar_t /Zc:forScope /Fo"Release\\" /Fd"Release\vc110.pdb" /Gd /TP /analyze- /errorReport:prompt CSM.cpp FTL.cpp main.cpp rx_trackball.cpp sim_fluid.cpp sim_kiteShape.cpp stringKite.cpp sim_string.cpp
         CSM.cpp
     1>F:\WorkPlace\VS WorkPlace\common\shared\inc\rx_matrix.h(1922): warning C4244: 'initializing' : conversion from 'double' to 'float', possible loss of data
     1>F:\WorkPlace\VS WorkPlace\common\shared\inc\rx_matrix.h(1923): warning C4244: 'initializing' : conversion from 'double' to 'float', possible loss of data
     1>F:\WorkPlace\VS WorkPlace\common\shared\inc\rx_matrix.h(1925): warning C4244: 'initializing' : conversion from 'double' to 'float', possible loss of data
     1>F:\WorkPlace\VS WorkPlace\common\shared\inc\rx_matrix.h(1934): warning C4244: 'initializing' : conversion from 'double' to 'float', possible loss of data
     1>F:\WorkPlace\VS WorkPlace\common\shared\inc\rx_matrix.h(1935): warning C4244: 'initializing' : conversion from 'double' to 'float', possible loss of data
     1>F:\WorkPlace\VS WorkPlace\common\shared\inc\rx_matrix.h(1942): warning C4244: 'initializing' : conversion from 'double' to 'float', possible loss of data
     1>F:\WorkPlace\VS WorkPlace\common\shared\inc\rx_matrix.h(1943): warning C4244: 'initializing' : conversion from 'double' to 'float', possible loss of data
     1>F:\WorkPlace\VS WorkPlace\common\shared\inc\rx_matrix.h(1964): warning C4244: '=' : conversion from 'double' to 'float', possible loss of data
     1>F:\WorkPlace\VS WorkPlace\common\shared\inc\rx_matrix.h(1989): warning C4244: '=' : conversion from 'double' to 'float', possible loss of data
     1>F:\WorkPlace\VS WorkPlace\common\shared\inc\rx_matrix.h(1990): warning C4244: '=' : conversion from 'double' to 'float', possible loss of data
     1>F:\WorkPlace\VS WorkPlace\common\shared\inc\rx_matrix.h(2237): warning C4244: '=' : conversion from 'double' to 'float', possible loss of data
                 F:\WorkPlace\VS WorkPlace\common\shared\inc\rx_matrix.h(2226) : while compiling class template member function 'bool rxMatrixN<T,N>::LUDecomp(rxMatrixN<T,N> &,std::vector<_Ty> &,double &)'
                 with
                 [
                     T=double,
                     N=9,
                     _Ty=int
                 ]
                 F:\WorkPlace\VS WorkPlace\common\shared\inc\rx_matrix.h(2345) : see reference to function template instantiation 'bool rxMatrixN<T,N>::LUDecomp(rxMatrixN<T,N> &,std::vector<_Ty> &,double &)' being compiled
                 with
                 [
                     T=double,
                     N=9,
                     _Ty=int
                 ]
                 F:\WorkPlace\VS WorkPlace\common\shared\inc\rx_matrix.h(2335) : while compiling class template member function 'void rxMatrixN<T,N>::Invert(void)'
                 with
                 [
                     T=double,
                     N=9
                 ]
                 CSM.cpp(279) : see reference to function template instantiation 'void rxMatrixN<T,N>::Invert(void)' being compiled
                 with
                 [
                     T=double,
                     N=9
                 ]
                 CSM.cpp(248) : see reference to class template instantiation 'rxMatrixN<T,N>' being compiled
                 with
                 [
                     T=double,
                     N=9
                 ]
     1>F:\WorkPlace\VS WorkPlace\common\shared\inc\rx_matrix.h(2246): warning C4244: '=' : conversion from 'double' to 'float', possible loss of data
     1>F:\WorkPlace\VS WorkPlace\common\shared\inc\rx_matrix.h(2247): warning C4244: '-=' : conversion from 'double' to 'float', possible loss of data
     1>F:\WorkPlace\VS WorkPlace\common\shared\inc\rx_matrix.h(2253): warning C4244: '=' : conversion from 'double' to 'float', possible loss of data
     1>F:\WorkPlace\VS WorkPlace\common\shared\inc\rx_matrix.h(2254): warning C4244: '-=' : conversion from 'double' to 'float', possible loss of data
     1>F:\WorkPlace\VS WorkPlace\common\shared\inc\rx_matrix.h(2256): warning C4244: '=' : conversion from 'double' to 'float', possible loss of data
     1>F:\WorkPlace\VS WorkPlace\common\shared\inc\rx_matrix.h(2264): warning C4244: '=' : conversion from 'double' to 'float', possible loss of data
     1>F:\WorkPlace\VS WorkPlace\common\shared\inc\rx_matrix.h(2275): warning C4244: '=' : conversion from 'double' to 'float', possible loss of data
         FTL.cpp
     1>FTL.cpp(14): warning C4305: '=' : truncation from 'double' to 'float'
     1>FTL.cpp(90): warning C4018: '<' : signed/unsigned mismatch
     1>FTL.cpp(101): warning C4018: '<' : signed/unsigned mismatch
         main.cpp
     1>F:\WorkPlace\VS WorkPlace\common\shared\inc\rx_matrix.h(1922): warning C4244: 'initializing' : conversion from 'double' to 'float', possible loss of data
     1>F:\WorkPlace\VS WorkPlace\common\shared\inc\rx_matrix.h(1923): warning C4244: 'initializing' : conversion from 'double' to 'float', possible loss of data
     1>F:\WorkPlace\VS WorkPlace\common\shared\inc\rx_matrix.h(1925): warning C4244: 'initializing' : conversion from 'double' to 'float', possible loss of data
     1>F:\WorkPlace\VS WorkPlace\common\shared\inc\rx_matrix.h(1934): warning C4244: 'initializing' : conversion from 'double' to 'float', possible loss of data
     1>F:\WorkPlace\VS WorkPlace\common\shared\inc\rx_matrix.h(1935): warning C4244: 'initializing' : conversion from 'double' to 'float', possible loss of data
     1>F:\WorkPlace\VS WorkPlace\common\shared\inc\rx_matrix.h(1942): warning C4244: 'initializing' : conversion from 'double' to 'float', possible loss of data
     1>F:\WorkPlace\VS WorkPlace\common\shared\inc\rx_matrix.h(1943): warning C4244: 'initializing' : conversion from 'double' to 'float', possible loss of data
     1>F:\WorkPlace\VS WorkPlace\common\shared\inc\rx_matrix.h(1964): warning C4244: '=' : conversion from 'double' to 'float', possible loss of data
     1>F:\WorkPlace\VS WorkPlace\common\shared\inc\rx_matrix.h(1989): warning C4244: '=' : conversion from 'double' to 'float', possible loss of data
     1>F:\WorkPlace\VS WorkPlace\common\shared\inc\rx_matrix.h(1990): warning C4244: '=' : conversion from 'double' to 'float', possible loss of data
     1>main.cpp(523): warning C4305: 'argument' : truncation from 'double' to 'float'
         rx_trackball.cpp
         sim_fluid.cpp
         sim_kiteShape.cpp
     1>F:\WorkPlace\VS WorkPlace\common\shared\inc\rx_matrix.h(1922): warning C4244: 'initializing' : conversion from 'double' to 'float', possible loss of data
     1>F:\WorkPlace\VS WorkPlace\common\shared\inc\rx_matrix.h(1923): warning C4244: 'initializing' : conversion from 'double' to 'float', possible loss of data
     1>F:\WorkPlace\VS WorkPlace\common\shared\inc\rx_matrix.h(1925): warning C4244: 'initializing' : conversion from 'double' to 'float', possible loss of data
     1>F:\WorkPlace\VS WorkPlace\common\shared\inc\rx_matrix.h(1934): warning C4244: 'initializing' : conversion from 'double' to 'float', possible loss of data
     1>F:\WorkPlace\VS WorkPlace\common\shared\inc\rx_matrix.h(1935): warning C4244: 'initializing' : conversion from 'double' to 'float', possible loss of data
     1>F:\WorkPlace\VS WorkPlace\common\shared\inc\rx_matrix.h(1942): warning C4244: 'initializing' : conversion from 'double' to 'float', possible loss of data
     1>F:\WorkPlace\VS WorkPlace\common\shared\inc\rx_matrix.h(1943): warning C4244: 'initializing' : conversion from 'double' to 'float', possible loss of data
     1>F:\WorkPlace\VS WorkPlace\common\shared\inc\rx_matrix.h(1964): warning C4244: '=' : conversion from 'double' to 'float', possible loss of data
     1>F:\WorkPlace\VS WorkPlace\common\shared\inc\rx_matrix.h(1989): warning C4244: '=' : conversion from 'double' to 'float', possible loss of data
     1>F:\WorkPlace\VS WorkPlace\common\shared\inc\rx_matrix.h(1990): warning C4244: '=' : conversion from 'double' to 'float', possible loss of data
         stringKite.cpp
     1>F:\WorkPlace\VS WorkPlace\common\shared\inc\rx_matrix.h(1922): warning C4244: 'initializing' : conversion from 'double' to 'float', possible loss of data
     1>F:\WorkPlace\VS WorkPlace\common\shared\inc\rx_matrix.h(1923): warning C4244: 'initializing' : conversion from 'double' to 'float', possible loss of data
     1>F:\WorkPlace\VS WorkPlace\common\shared\inc\rx_matrix.h(1925): warning C4244: 'initializing' : conversion from 'double' to 'float', possible loss of data
     1>F:\WorkPlace\VS WorkPlace\common\shared\inc\rx_matrix.h(1934): warning C4244: 'initializing' : conversion from 'double' to 'float', possible loss of data
     1>F:\WorkPlace\VS WorkPlace\common\shared\inc\rx_matrix.h(1935): warning C4244: 'initializing' : conversion from 'double' to 'float', possible loss of data
     1>F:\WorkPlace\VS WorkPlace\common\shared\inc\rx_matrix.h(1942): warning C4244: 'initializing' : conversion from 'double' to 'float', possible loss of data
     1>F:\WorkPlace\VS WorkPlace\common\shared\inc\rx_matrix.h(1943): warning C4244: 'initializing' : conversion from 'double' to 'float', possible loss of data
     1>F:\WorkPlace\VS WorkPlace\common\shared\inc\rx_matrix.h(1964): warning C4244: '=' : conversion from 'double' to 'float', possible loss of data
     1>F:\WorkPlace\VS WorkPlace\common\shared\inc\rx_matrix.h(1989): warning C4244: '=' : conversion from 'double' to 'float', possible loss of data
     1>F:\WorkPlace\VS WorkPlace\common\shared\inc\rx_matrix.h(1990): warning C4244: '=' : conversion from 'double' to 'float', possible loss of data
         sim_string.cpp
     1>F:\WorkPlace\VS WorkPlace\common\shared\inc\rx_matrix.h(1922): warning C4244: 'initializing' : conversion from 'double' to 'float', possible loss of data
     1>F:\WorkPlace\VS WorkPlace\common\shared\inc\rx_matrix.h(1923): warning C4244: 'initializing' : conversion from 'double' to 'float', possible loss of data
     1>F:\WorkPlace\VS WorkPlace\common\shared\inc\rx_matrix.h(1925): warning C4244: 'initializing' : conversion from 'double' to 'float', possible loss of data
     1>F:\WorkPlace\VS WorkPlace\common\shared\inc\rx_matrix.h(1934): warning C4244: 'initializing' : conversion from 'double' to 'float', possible loss of data
     1>F:\WorkPlace\VS WorkPlace\common\shared\inc\rx_matrix.h(1935): warning C4244: 'initializing' : conversion from 'double' to 'float', possible loss of data
     1>F:\WorkPlace\VS WorkPlace\common\shared\inc\rx_matrix.h(1942): warning C4244: 'initializing' : conversion from 'double' to 'float', possible loss of data
     1>F:\WorkPlace\VS WorkPlace\common\shared\inc\rx_matrix.h(1943): warning C4244: 'initializing' : conversion from 'double' to 'float', possible loss of data
     1>F:\WorkPlace\VS WorkPlace\common\shared\inc\rx_matrix.h(1964): warning C4244: '=' : conversion from 'double' to 'float', possible loss of data
     1>F:\WorkPlace\VS WorkPlace\common\shared\inc\rx_matrix.h(1989): warning C4244: '=' : conversion from 'double' to 'float', possible loss of data
     1>F:\WorkPlace\VS WorkPlace\common\shared\inc\rx_matrix.h(1990): warning C4244: '=' : conversion from 'double' to 'float', possible loss of data
     1>sim_string.cpp(53): warning C4018: '<' : signed/unsigned mismatch
     1>sim_string.cpp(63): warning C4018: '<' : signed/unsigned mismatch
       Link:
         C:\Program Files (x86)\Microsoft Visual Studio 11.0\VC\bin\link.exe /ERRORREPORT:PROMPT /OUT:"C:\Users\pbcglab_user\Desktop\stringkite(leapmotion)\StringKite\Release\StringKite.exe" /INCREMENTAL:NO /NOLOGO /LIBPATH:"F:\WorkPlace\VS WorkPlace\common\shared\lib" /LIBPATH:D:\SoftWare\LeapMotion\LeapDeveloperKit_2.3.1+31549_win\LeapSDK\lib\x86 /LIBPATH:D:\SoftWare\LeapMotion\LeapDeveloperKit_2.3.1+31549_win\LeapSDK\lib\x64 /LIBPATH:D:\SoftWare\LeapMotion\LeapDeveloperKit_2.3.1+31549_win\LeapSDK\lib Leap.lib kernel32.lib user32.lib gdi32.lib winspool.lib comdlg32.lib advapi32.lib shell32.lib ole32.lib oleaut32.lib uuid.lib odbc32.lib odbccp32.lib /MANIFEST /MANIFESTUAC:"level='asInvoker' uiAccess='false'" /manifest:embed /DEBUG /PDB:"C:\Users\pbcglab_user\Desktop\stringkite(leapmotion)\StringKite\Release\StringKite.pdb" /OPT:REF /OPT:ICF /LTCG /TLBID:1 /DYNAMICBASE /NXCOMPAT /IMPLIB:"C:\Users\pbcglab_user\Desktop\stringkite(leapmotion)\StringKite\Release\StringKite.lib" /MACHINE:X86 /SAFESEH Release\CSM.obj
         Release\FTL.obj
         Release\main.obj
         Release\rx_trackball.obj
         Release\sim_fluid.obj
         Release\sim_kiteShape.obj
         Release\stringKite.obj
         Release\sim_string.obj
         D:\SoftWare\LeapMotion\LeapDeveloperKit_2.3.1+31549_win\LeapSDK\lib\x64\Leap.lib
         Generating code
         Finished generating code
         StringKite.vcxproj -> C:\Users\pbcglab_user\Desktop\stringkite(leapmotion)\StringKite\Release\StringKite.exe
     1>Done Building Project "C:\Users\pbcglab_user\Desktop\stringkite(leapmotion)\StringKite\StringKite\StringKite.vcxproj" (Build target(s)).

Build succeeded.

Time Elapsed 00:00:05.90
