Build started 2015/05/25 16:20:17.
     1>Project "F:\WorkPlace\VS WorkPlace\OpenGL_WorkSpace\MassSpring\MassSpring\MassSpring\MassSpring.vcxproj" on node 2 (Build target(s)).
     1>ClCompile:
         C:\Program Files (x86)\Microsoft Visual Studio 11.0\VC\bin\CL.exe /c /ZI /nologo /W3 /WX- /Od /Oy- /D _MBCS /Gm /EHsc /RTC1 /MDd /GS /fp:precise /Zc:wchar_t /Zc:forScope /Fo"Debug\\" /Fd"Debug\vc110.pdb" /Gd /TP /analyze- /errorReport:prompt glmain.cpp mass.h spring.h
         spring.h
     1>f:\workplace\vs workplace\opengl_workspace\massspring\massspring\massspring\spring.h(36): warning C4244: 'initializing' : conversion from 'double' to 'float', possible loss of data
     1>f:\workplace\vs workplace\opengl_workspace\massspring\massspring\massspring\spring.h(37): warning C4244: 'initializing' : conversion from 'double' to 'float', possible loss of data
     1>f:\workplace\vs workplace\opengl_workspace\massspring\massspring\massspring\spring.h(38): warning C4244: 'initializing' : conversion from 'double' to 'float', possible loss of data
         mass.h
         glmain.cpp
     1>f:\workplace\vs workplace\opengl_workspace\massspring\massspring\massspring\spring.h(36): warning C4244: 'initializing' : conversion from 'double' to 'float', possible loss of data
     1>f:\workplace\vs workplace\opengl_workspace\massspring\massspring\massspring\spring.h(37): warning C4244: 'initializing' : conversion from 'double' to 'float', possible loss of data
     1>f:\workplace\vs workplace\opengl_workspace\massspring\massspring\massspring\spring.h(38): warning C4244: 'initializing' : conversion from 'double' to 'float', possible loss of data
     1>f:\workplace\vs workplace\opengl_workspace\massspring\massspring\massspring\glmain.cpp(172): warning C4244: 'argument' : conversion from 'double' to 'GLfloat', possible loss of data
     1>f:\workplace\vs workplace\opengl_workspace\massspring\massspring\massspring\glmain.cpp(173): warning C4244: 'argument' : conversion from 'double' to 'GLfloat', possible loss of data
         Generating Code...
       Link:
         C:\Program Files (x86)\Microsoft Visual Studio 11.0\VC\bin\link.exe /ERRORREPORT:PROMPT /OUT:"F:\WorkPlace\VS WorkPlace\OpenGL_WorkSpace\MassSpring\MassSpring\Debug\MassSpring.exe" /INCREMENTAL /NOLOGO kernel32.lib user32.lib gdi32.lib winspool.lib comdlg32.lib advapi32.lib shell32.lib ole32.lib oleaut32.lib uuid.lib odbc32.lib odbccp32.lib /MANIFEST /MANIFESTUAC:"level='asInvoker' uiAccess='false'" /manifest:embed /DEBUG /PDB:"F:\WorkPlace\VS WorkPlace\OpenGL_WorkSpace\MassSpring\MassSpring\Debug\MassSpring.pdb" /TLBID:1 /DYNAMICBASE /NXCOMPAT /IMPLIB:"F:\WorkPlace\VS WorkPlace\OpenGL_WorkSpace\MassSpring\MassSpring\Debug\MassSpring.lib" /MACHINE:X86 Debug\rx_trackball.obj
         Debug\glmain.obj
         Debug\mass.obj
         Debug\spring.obj
         MassSpring.vcxproj -> F:\WorkPlace\VS WorkPlace\OpenGL_WorkSpace\MassSpring\MassSpring\Debug\MassSpring.exe
     1>Done Building Project "F:\WorkPlace\VS WorkPlace\OpenGL_WorkSpace\MassSpring\MassSpring\MassSpring\MassSpring.vcxproj" (Build target(s)).

Build succeeded.

Time Elapsed 00:00:02.57
