F:\WORKPLACE\VS WORKPLACE\OPENGL_WORKSPACE\CHAIN_SHAPEMATCHING\CSM\CSM\DEBUG\RX_TRACKBALL.OBJ
F:\WORKPLACE\VS WORKPLACE\OPENGL_WORKSPACE\CHAIN_SHAPEMATCHING\CSM\CSM\DEBUG\GLMAIN.OBJ
F:\WORKPLACE\VS WORKPLACE\OPENGL_WORKSPACE\CHAIN_SHAPEMATCHING\CSM\CSM\DEBUG\SHAPE_MATCHING.OBJ
F:\WORKPLACE\VS WORKPLACE\OPENGL_WORKSPACE\CHAIN_SHAPEMATCHING\CSM\CSM\DEBUG\VC110.PDB
F:\WORKPLACE\VS WORKPLACE\OPENGL_WORKSPACE\CHAIN_SHAPEMATCHING\CSM\CSM\DEBUG\PARTICLE.OBJ
F:\WorkPlace\VS WorkPlace\OpenGL_WorkSpace\Chain_ShapeMatching\CSM\Debug\CSM.lib
F:\WorkPlace\VS WorkPlace\OpenGL_WorkSpace\Chain_ShapeMatching\CSM\Debug\CSM.exp
F:\WORKPLACE\VS WORKPLACE\OPENGL_WORKSPACE\CHAIN_SHAPEMATCHING\CSM\DEBUG\CSM.ILK
F:\WORKPLACE\VS WORKPLACE\OPENGL_WORKSPACE\CHAIN_SHAPEMATCHING\CSM\DEBUG\CSM.EXE
F:\WORKPLACE\VS WORKPLACE\OPENGL_WORKSPACE\CHAIN_SHAPEMATCHING\CSM\DEBUG\CSM.PDB
F:\WorkPlace\VS WorkPlace\OpenGL_WorkSpace\Chain_ShapeMatching\CSM\CSM\Debug\glmain.obj
F:\WorkPlace\VS WorkPlace\OpenGL_WorkSpace\Chain_ShapeMatching\CSM\CSM\Debug\Particle.obj
F:\WorkPlace\VS WorkPlace\OpenGL_WorkSpace\Chain_ShapeMatching\CSM\CSM\Debug\rx_trackball.obj
F:\WorkPlace\VS WorkPlace\OpenGL_WorkSpace\Chain_ShapeMatching\CSM\CSM\Debug\cl.command.1.tlog
F:\WorkPlace\VS WorkPlace\OpenGL_WorkSpace\Chain_ShapeMatching\CSM\CSM\Debug\CL.read.1.tlog
F:\WorkPlace\VS WorkPlace\OpenGL_WorkSpace\Chain_ShapeMatching\CSM\CSM\Debug\CL.write.1.tlog
F:\WorkPlace\VS WorkPlace\OpenGL_WorkSpace\Chain_ShapeMatching\CSM\CSM\Debug\CSM.write.1.tlog
F:\WorkPlace\VS WorkPlace\OpenGL_WorkSpace\Chain_ShapeMatching\CSM\CSM\Debug\link-cvtres.read.1.tlog
F:\WorkPlace\VS WorkPlace\OpenGL_WorkSpace\Chain_ShapeMatching\CSM\CSM\Debug\link-cvtres.write.1.tlog
F:\WorkPlace\VS WorkPlace\OpenGL_WorkSpace\Chain_ShapeMatching\CSM\CSM\Debug\link-rc.read.1.tlog
F:\WorkPlace\VS WorkPlace\OpenGL_WorkSpace\Chain_ShapeMatching\CSM\CSM\Debug\link-rc.write.1.tlog
F:\WorkPlace\VS WorkPlace\OpenGL_WorkSpace\Chain_ShapeMatching\CSM\CSM\Debug\link.10028-cvtres.read.1.tlog
F:\WorkPlace\VS WorkPlace\OpenGL_WorkSpace\Chain_ShapeMatching\CSM\CSM\Debug\link.10028-cvtres.write.1.tlog
F:\WorkPlace\VS WorkPlace\OpenGL_WorkSpace\Chain_ShapeMatching\CSM\CSM\Debug\link.10028-rc.read.1.tlog
F:\WorkPlace\VS WorkPlace\OpenGL_WorkSpace\Chain_ShapeMatching\CSM\CSM\Debug\link.10028-rc.write.1.tlog
F:\WorkPlace\VS WorkPlace\OpenGL_WorkSpace\Chain_ShapeMatching\CSM\CSM\Debug\link.10028.read.1.tlog
F:\WorkPlace\VS WorkPlace\OpenGL_WorkSpace\Chain_ShapeMatching\CSM\CSM\Debug\link.10028.write.1.tlog
F:\WorkPlace\VS WorkPlace\OpenGL_WorkSpace\Chain_ShapeMatching\CSM\CSM\Debug\link.10128-cvtres.read.1.tlog
F:\WorkPlace\VS WorkPlace\OpenGL_WorkSpace\Chain_ShapeMatching\CSM\CSM\Debug\link.10128-cvtres.write.1.tlog
F:\WorkPlace\VS WorkPlace\OpenGL_WorkSpace\Chain_ShapeMatching\CSM\CSM\Debug\link.10128-rc.read.1.tlog
F:\WorkPlace\VS WorkPlace\OpenGL_WorkSpace\Chain_ShapeMatching\CSM\CSM\Debug\link.10128-rc.write.1.tlog
F:\WorkPlace\VS WorkPlace\OpenGL_WorkSpace\Chain_ShapeMatching\CSM\CSM\Debug\link.10128.read.1.tlog
F:\WorkPlace\VS WorkPlace\OpenGL_WorkSpace\Chain_ShapeMatching\CSM\CSM\Debug\link.10128.write.1.tlog
F:\WorkPlace\VS WorkPlace\OpenGL_WorkSpace\Chain_ShapeMatching\CSM\CSM\Debug\link.10496-cvtres.read.1.tlog
F:\WorkPlace\VS WorkPlace\OpenGL_WorkSpace\Chain_ShapeMatching\CSM\CSM\Debug\link.10496-cvtres.write.1.tlog
F:\WorkPlace\VS WorkPlace\OpenGL_WorkSpace\Chain_ShapeMatching\CSM\CSM\Debug\link.10496-rc.read.1.tlog
F:\WorkPlace\VS WorkPlace\OpenGL_WorkSpace\Chain_ShapeMatching\CSM\CSM\Debug\link.10496-rc.write.1.tlog
F:\WorkPlace\VS WorkPlace\OpenGL_WorkSpace\Chain_ShapeMatching\CSM\CSM\Debug\link.10496.read.1.tlog
F:\WorkPlace\VS WorkPlace\OpenGL_WorkSpace\Chain_ShapeMatching\CSM\CSM\Debug\link.10496.write.1.tlog
F:\WorkPlace\VS WorkPlace\OpenGL_WorkSpace\Chain_ShapeMatching\CSM\CSM\Debug\link.10828-cvtres.read.1.tlog
F:\WorkPlace\VS WorkPlace\OpenGL_WorkSpace\Chain_ShapeMatching\CSM\CSM\Debug\link.10828-cvtres.write.1.tlog
F:\WorkPlace\VS WorkPlace\OpenGL_WorkSpace\Chain_ShapeMatching\CSM\CSM\Debug\link.10828-rc.read.1.tlog
F:\WorkPlace\VS WorkPlace\OpenGL_WorkSpace\Chain_ShapeMatching\CSM\CSM\Debug\link.10828-rc.write.1.tlog
F:\WorkPlace\VS WorkPlace\OpenGL_WorkSpace\Chain_ShapeMatching\CSM\CSM\Debug\link.10828.read.1.tlog
F:\WorkPlace\VS WorkPlace\OpenGL_WorkSpace\Chain_ShapeMatching\CSM\CSM\Debug\link.10828.write.1.tlog
F:\WorkPlace\VS WorkPlace\OpenGL_WorkSpace\Chain_ShapeMatching\CSM\CSM\Debug\link.11072-cvtres.read.1.tlog
F:\WorkPlace\VS WorkPlace\OpenGL_WorkSpace\Chain_ShapeMatching\CSM\CSM\Debug\link.11072-cvtres.write.1.tlog
F:\WorkPlace\VS WorkPlace\OpenGL_WorkSpace\Chain_ShapeMatching\CSM\CSM\Debug\link.11072-rc.read.1.tlog
F:\WorkPlace\VS WorkPlace\OpenGL_WorkSpace\Chain_ShapeMatching\CSM\CSM\Debug\link.11072-rc.write.1.tlog
F:\WorkPlace\VS WorkPlace\OpenGL_WorkSpace\Chain_ShapeMatching\CSM\CSM\Debug\link.11072.read.1.tlog
F:\WorkPlace\VS WorkPlace\OpenGL_WorkSpace\Chain_ShapeMatching\CSM\CSM\Debug\link.11072.write.1.tlog
F:\WorkPlace\VS WorkPlace\OpenGL_WorkSpace\Chain_ShapeMatching\CSM\CSM\Debug\link.13556-cvtres.read.1.tlog
F:\WorkPlace\VS WorkPlace\OpenGL_WorkSpace\Chain_ShapeMatching\CSM\CSM\Debug\link.13556-cvtres.write.1.tlog
F:\WorkPlace\VS WorkPlace\OpenGL_WorkSpace\Chain_ShapeMatching\CSM\CSM\Debug\link.13556-rc.read.1.tlog
F:\WorkPlace\VS WorkPlace\OpenGL_WorkSpace\Chain_ShapeMatching\CSM\CSM\Debug\link.13556-rc.write.1.tlog
F:\WorkPlace\VS WorkPlace\OpenGL_WorkSpace\Chain_ShapeMatching\CSM\CSM\Debug\link.13556.read.1.tlog
F:\WorkPlace\VS WorkPlace\OpenGL_WorkSpace\Chain_ShapeMatching\CSM\CSM\Debug\link.13556.write.1.tlog
F:\WorkPlace\VS WorkPlace\OpenGL_WorkSpace\Chain_ShapeMatching\CSM\CSM\Debug\link.13584-cvtres.read.1.tlog
F:\WorkPlace\VS WorkPlace\OpenGL_WorkSpace\Chain_ShapeMatching\CSM\CSM\Debug\link.13584-cvtres.write.1.tlog
F:\WorkPlace\VS WorkPlace\OpenGL_WorkSpace\Chain_ShapeMatching\CSM\CSM\Debug\link.13584-rc.read.1.tlog
F:\WorkPlace\VS WorkPlace\OpenGL_WorkSpace\Chain_ShapeMatching\CSM\CSM\Debug\link.13584-rc.write.1.tlog
F:\WorkPlace\VS WorkPlace\OpenGL_WorkSpace\Chain_ShapeMatching\CSM\CSM\Debug\link.13584.read.1.tlog
F:\WorkPlace\VS WorkPlace\OpenGL_WorkSpace\Chain_ShapeMatching\CSM\CSM\Debug\link.13584.write.1.tlog
F:\WorkPlace\VS WorkPlace\OpenGL_WorkSpace\Chain_ShapeMatching\CSM\CSM\Debug\link.1400-cvtres.read.1.tlog
F:\WorkPlace\VS WorkPlace\OpenGL_WorkSpace\Chain_ShapeMatching\CSM\CSM\Debug\link.1400-cvtres.write.1.tlog
F:\WorkPlace\VS WorkPlace\OpenGL_WorkSpace\Chain_ShapeMatching\CSM\CSM\Debug\link.1400-rc.read.1.tlog
F:\WorkPlace\VS WorkPlace\OpenGL_WorkSpace\Chain_ShapeMatching\CSM\CSM\Debug\link.1400-rc.write.1.tlog
F:\WorkPlace\VS WorkPlace\OpenGL_WorkSpace\Chain_ShapeMatching\CSM\CSM\Debug\link.1400.read.1.tlog
F:\WorkPlace\VS WorkPlace\OpenGL_WorkSpace\Chain_ShapeMatching\CSM\CSM\Debug\link.1400.write.1.tlog
F:\WorkPlace\VS WorkPlace\OpenGL_WorkSpace\Chain_ShapeMatching\CSM\CSM\Debug\link.2196-cvtres.read.1.tlog
F:\WorkPlace\VS WorkPlace\OpenGL_WorkSpace\Chain_ShapeMatching\CSM\CSM\Debug\link.2196-cvtres.write.1.tlog
F:\WorkPlace\VS WorkPlace\OpenGL_WorkSpace\Chain_ShapeMatching\CSM\CSM\Debug\link.2196-rc.read.1.tlog
F:\WorkPlace\VS WorkPlace\OpenGL_WorkSpace\Chain_ShapeMatching\CSM\CSM\Debug\link.2196-rc.write.1.tlog
F:\WorkPlace\VS WorkPlace\OpenGL_WorkSpace\Chain_ShapeMatching\CSM\CSM\Debug\link.2196.read.1.tlog
F:\WorkPlace\VS WorkPlace\OpenGL_WorkSpace\Chain_ShapeMatching\CSM\CSM\Debug\link.2196.write.1.tlog
F:\WorkPlace\VS WorkPlace\OpenGL_WorkSpace\Chain_ShapeMatching\CSM\CSM\Debug\link.2792-cvtres.read.1.tlog
F:\WorkPlace\VS WorkPlace\OpenGL_WorkSpace\Chain_ShapeMatching\CSM\CSM\Debug\link.2792-cvtres.write.1.tlog
F:\WorkPlace\VS WorkPlace\OpenGL_WorkSpace\Chain_ShapeMatching\CSM\CSM\Debug\link.2792-rc.read.1.tlog
F:\WorkPlace\VS WorkPlace\OpenGL_WorkSpace\Chain_ShapeMatching\CSM\CSM\Debug\link.2792-rc.write.1.tlog
F:\WorkPlace\VS WorkPlace\OpenGL_WorkSpace\Chain_ShapeMatching\CSM\CSM\Debug\link.2792.read.1.tlog
F:\WorkPlace\VS WorkPlace\OpenGL_WorkSpace\Chain_ShapeMatching\CSM\CSM\Debug\link.2792.write.1.tlog
F:\WorkPlace\VS WorkPlace\OpenGL_WorkSpace\Chain_ShapeMatching\CSM\CSM\Debug\link.4628-cvtres.read.1.tlog
F:\WorkPlace\VS WorkPlace\OpenGL_WorkSpace\Chain_ShapeMatching\CSM\CSM\Debug\link.4628-cvtres.write.1.tlog
F:\WorkPlace\VS WorkPlace\OpenGL_WorkSpace\Chain_ShapeMatching\CSM\CSM\Debug\link.4628-rc.read.1.tlog
F:\WorkPlace\VS WorkPlace\OpenGL_WorkSpace\Chain_ShapeMatching\CSM\CSM\Debug\link.4628-rc.write.1.tlog
F:\WorkPlace\VS WorkPlace\OpenGL_WorkSpace\Chain_ShapeMatching\CSM\CSM\Debug\link.4628.read.1.tlog
F:\WorkPlace\VS WorkPlace\OpenGL_WorkSpace\Chain_ShapeMatching\CSM\CSM\Debug\link.4628.write.1.tlog
F:\WorkPlace\VS WorkPlace\OpenGL_WorkSpace\Chain_ShapeMatching\CSM\CSM\Debug\link.4960-cvtres.read.1.tlog
F:\WorkPlace\VS WorkPlace\OpenGL_WorkSpace\Chain_ShapeMatching\CSM\CSM\Debug\link.4960-cvtres.write.1.tlog
F:\WorkPlace\VS WorkPlace\OpenGL_WorkSpace\Chain_ShapeMatching\CSM\CSM\Debug\link.4960-rc.read.1.tlog
F:\WorkPlace\VS WorkPlace\OpenGL_WorkSpace\Chain_ShapeMatching\CSM\CSM\Debug\link.4960-rc.write.1.tlog
F:\WorkPlace\VS WorkPlace\OpenGL_WorkSpace\Chain_ShapeMatching\CSM\CSM\Debug\link.4960.read.1.tlog
F:\WorkPlace\VS WorkPlace\OpenGL_WorkSpace\Chain_ShapeMatching\CSM\CSM\Debug\link.4960.write.1.tlog
F:\WorkPlace\VS WorkPlace\OpenGL_WorkSpace\Chain_ShapeMatching\CSM\CSM\Debug\link.5056-cvtres.read.1.tlog
F:\WorkPlace\VS WorkPlace\OpenGL_WorkSpace\Chain_ShapeMatching\CSM\CSM\Debug\link.5056-cvtres.write.1.tlog
F:\WorkPlace\VS WorkPlace\OpenGL_WorkSpace\Chain_ShapeMatching\CSM\CSM\Debug\link.5056-rc.read.1.tlog
F:\WorkPlace\VS WorkPlace\OpenGL_WorkSpace\Chain_ShapeMatching\CSM\CSM\Debug\link.5056-rc.write.1.tlog
F:\WorkPlace\VS WorkPlace\OpenGL_WorkSpace\Chain_ShapeMatching\CSM\CSM\Debug\link.5056.read.1.tlog
F:\WorkPlace\VS WorkPlace\OpenGL_WorkSpace\Chain_ShapeMatching\CSM\CSM\Debug\link.5056.write.1.tlog
F:\WorkPlace\VS WorkPlace\OpenGL_WorkSpace\Chain_ShapeMatching\CSM\CSM\Debug\link.5076-cvtres.read.1.tlog
F:\WorkPlace\VS WorkPlace\OpenGL_WorkSpace\Chain_ShapeMatching\CSM\CSM\Debug\link.5076-cvtres.write.1.tlog
F:\WorkPlace\VS WorkPlace\OpenGL_WorkSpace\Chain_ShapeMatching\CSM\CSM\Debug\link.5076-rc.read.1.tlog
F:\WorkPlace\VS WorkPlace\OpenGL_WorkSpace\Chain_ShapeMatching\CSM\CSM\Debug\link.5076-rc.write.1.tlog
F:\WorkPlace\VS WorkPlace\OpenGL_WorkSpace\Chain_ShapeMatching\CSM\CSM\Debug\link.5076.read.1.tlog
F:\WorkPlace\VS WorkPlace\OpenGL_WorkSpace\Chain_ShapeMatching\CSM\CSM\Debug\link.5076.write.1.tlog
F:\WorkPlace\VS WorkPlace\OpenGL_WorkSpace\Chain_ShapeMatching\CSM\CSM\Debug\link.5172-cvtres.read.1.tlog
F:\WorkPlace\VS WorkPlace\OpenGL_WorkSpace\Chain_ShapeMatching\CSM\CSM\Debug\link.5172-cvtres.write.1.tlog
F:\WorkPlace\VS WorkPlace\OpenGL_WorkSpace\Chain_ShapeMatching\CSM\CSM\Debug\link.5172-rc.read.1.tlog
F:\WorkPlace\VS WorkPlace\OpenGL_WorkSpace\Chain_ShapeMatching\CSM\CSM\Debug\link.5172-rc.write.1.tlog
F:\WorkPlace\VS WorkPlace\OpenGL_WorkSpace\Chain_ShapeMatching\CSM\CSM\Debug\link.5172.read.1.tlog
F:\WorkPlace\VS WorkPlace\OpenGL_WorkSpace\Chain_ShapeMatching\CSM\CSM\Debug\link.5172.write.1.tlog
F:\WorkPlace\VS WorkPlace\OpenGL_WorkSpace\Chain_ShapeMatching\CSM\CSM\Debug\link.5300-cvtres.read.1.tlog
F:\WorkPlace\VS WorkPlace\OpenGL_WorkSpace\Chain_ShapeMatching\CSM\CSM\Debug\link.5300-cvtres.write.1.tlog
F:\WorkPlace\VS WorkPlace\OpenGL_WorkSpace\Chain_ShapeMatching\CSM\CSM\Debug\link.5300-rc.read.1.tlog
F:\WorkPlace\VS WorkPlace\OpenGL_WorkSpace\Chain_ShapeMatching\CSM\CSM\Debug\link.5300-rc.write.1.tlog
F:\WorkPlace\VS WorkPlace\OpenGL_WorkSpace\Chain_ShapeMatching\CSM\CSM\Debug\link.5300.read.1.tlog
F:\WorkPlace\VS WorkPlace\OpenGL_WorkSpace\Chain_ShapeMatching\CSM\CSM\Debug\link.5300.write.1.tlog
F:\WorkPlace\VS WorkPlace\OpenGL_WorkSpace\Chain_ShapeMatching\CSM\CSM\Debug\link.5364-cvtres.read.1.tlog
F:\WorkPlace\VS WorkPlace\OpenGL_WorkSpace\Chain_ShapeMatching\CSM\CSM\Debug\link.5364-cvtres.write.1.tlog
F:\WorkPlace\VS WorkPlace\OpenGL_WorkSpace\Chain_ShapeMatching\CSM\CSM\Debug\link.5364-rc.read.1.tlog
F:\WorkPlace\VS WorkPlace\OpenGL_WorkSpace\Chain_ShapeMatching\CSM\CSM\Debug\link.5364-rc.write.1.tlog
F:\WorkPlace\VS WorkPlace\OpenGL_WorkSpace\Chain_ShapeMatching\CSM\CSM\Debug\link.5364.read.1.tlog
F:\WorkPlace\VS WorkPlace\OpenGL_WorkSpace\Chain_ShapeMatching\CSM\CSM\Debug\link.5364.write.1.tlog
F:\WorkPlace\VS WorkPlace\OpenGL_WorkSpace\Chain_ShapeMatching\CSM\CSM\Debug\link.6184-cvtres.read.1.tlog
F:\WorkPlace\VS WorkPlace\OpenGL_WorkSpace\Chain_ShapeMatching\CSM\CSM\Debug\link.6184-cvtres.write.1.tlog
F:\WorkPlace\VS WorkPlace\OpenGL_WorkSpace\Chain_ShapeMatching\CSM\CSM\Debug\link.6184-rc.read.1.tlog
F:\WorkPlace\VS WorkPlace\OpenGL_WorkSpace\Chain_ShapeMatching\CSM\CSM\Debug\link.6184-rc.write.1.tlog
F:\WorkPlace\VS WorkPlace\OpenGL_WorkSpace\Chain_ShapeMatching\CSM\CSM\Debug\link.6184.read.1.tlog
F:\WorkPlace\VS WorkPlace\OpenGL_WorkSpace\Chain_ShapeMatching\CSM\CSM\Debug\link.6184.write.1.tlog
F:\WorkPlace\VS WorkPlace\OpenGL_WorkSpace\Chain_ShapeMatching\CSM\CSM\Debug\link.6572-cvtres.read.1.tlog
F:\WorkPlace\VS WorkPlace\OpenGL_WorkSpace\Chain_ShapeMatching\CSM\CSM\Debug\link.6572-cvtres.write.1.tlog
F:\WorkPlace\VS WorkPlace\OpenGL_WorkSpace\Chain_ShapeMatching\CSM\CSM\Debug\link.6572-rc.read.1.tlog
F:\WorkPlace\VS WorkPlace\OpenGL_WorkSpace\Chain_ShapeMatching\CSM\CSM\Debug\link.6572-rc.write.1.tlog
F:\WorkPlace\VS WorkPlace\OpenGL_WorkSpace\Chain_ShapeMatching\CSM\CSM\Debug\link.6572.read.1.tlog
F:\WorkPlace\VS WorkPlace\OpenGL_WorkSpace\Chain_ShapeMatching\CSM\CSM\Debug\link.6572.write.1.tlog
F:\WorkPlace\VS WorkPlace\OpenGL_WorkSpace\Chain_ShapeMatching\CSM\CSM\Debug\link.6636-cvtres.read.1.tlog
F:\WorkPlace\VS WorkPlace\OpenGL_WorkSpace\Chain_ShapeMatching\CSM\CSM\Debug\link.6636-cvtres.write.1.tlog
F:\WorkPlace\VS WorkPlace\OpenGL_WorkSpace\Chain_ShapeMatching\CSM\CSM\Debug\link.6636-rc.read.1.tlog
F:\WorkPlace\VS WorkPlace\OpenGL_WorkSpace\Chain_ShapeMatching\CSM\CSM\Debug\link.6636-rc.write.1.tlog
F:\WorkPlace\VS WorkPlace\OpenGL_WorkSpace\Chain_ShapeMatching\CSM\CSM\Debug\link.6636.read.1.tlog
F:\WorkPlace\VS WorkPlace\OpenGL_WorkSpace\Chain_ShapeMatching\CSM\CSM\Debug\link.6636.write.1.tlog
F:\WorkPlace\VS WorkPlace\OpenGL_WorkSpace\Chain_ShapeMatching\CSM\CSM\Debug\link.6988-cvtres.read.1.tlog
F:\WorkPlace\VS WorkPlace\OpenGL_WorkSpace\Chain_ShapeMatching\CSM\CSM\Debug\link.6988-cvtres.write.1.tlog
F:\WorkPlace\VS WorkPlace\OpenGL_WorkSpace\Chain_ShapeMatching\CSM\CSM\Debug\link.6988-rc.read.1.tlog
F:\WorkPlace\VS WorkPlace\OpenGL_WorkSpace\Chain_ShapeMatching\CSM\CSM\Debug\link.6988-rc.write.1.tlog
F:\WorkPlace\VS WorkPlace\OpenGL_WorkSpace\Chain_ShapeMatching\CSM\CSM\Debug\link.6988.read.1.tlog
F:\WorkPlace\VS WorkPlace\OpenGL_WorkSpace\Chain_ShapeMatching\CSM\CSM\Debug\link.6988.write.1.tlog
F:\WorkPlace\VS WorkPlace\OpenGL_WorkSpace\Chain_ShapeMatching\CSM\CSM\Debug\link.7656-cvtres.read.1.tlog
F:\WorkPlace\VS WorkPlace\OpenGL_WorkSpace\Chain_ShapeMatching\CSM\CSM\Debug\link.7656-cvtres.write.1.tlog
F:\WorkPlace\VS WorkPlace\OpenGL_WorkSpace\Chain_ShapeMatching\CSM\CSM\Debug\link.7656-rc.read.1.tlog
F:\WorkPlace\VS WorkPlace\OpenGL_WorkSpace\Chain_ShapeMatching\CSM\CSM\Debug\link.7656-rc.write.1.tlog
F:\WorkPlace\VS WorkPlace\OpenGL_WorkSpace\Chain_ShapeMatching\CSM\CSM\Debug\link.7656.read.1.tlog
F:\WorkPlace\VS WorkPlace\OpenGL_WorkSpace\Chain_ShapeMatching\CSM\CSM\Debug\link.7656.write.1.tlog
F:\WorkPlace\VS WorkPlace\OpenGL_WorkSpace\Chain_ShapeMatching\CSM\CSM\Debug\link.7772-cvtres.read.1.tlog
F:\WorkPlace\VS WorkPlace\OpenGL_WorkSpace\Chain_ShapeMatching\CSM\CSM\Debug\link.7772-cvtres.write.1.tlog
F:\WorkPlace\VS WorkPlace\OpenGL_WorkSpace\Chain_ShapeMatching\CSM\CSM\Debug\link.7772-rc.read.1.tlog
F:\WorkPlace\VS WorkPlace\OpenGL_WorkSpace\Chain_ShapeMatching\CSM\CSM\Debug\link.7772-rc.write.1.tlog
F:\WorkPlace\VS WorkPlace\OpenGL_WorkSpace\Chain_ShapeMatching\CSM\CSM\Debug\link.7772.read.1.tlog
F:\WorkPlace\VS WorkPlace\OpenGL_WorkSpace\Chain_ShapeMatching\CSM\CSM\Debug\link.7772.write.1.tlog
F:\WorkPlace\VS WorkPlace\OpenGL_WorkSpace\Chain_ShapeMatching\CSM\CSM\Debug\link.8292-cvtres.read.1.tlog
F:\WorkPlace\VS WorkPlace\OpenGL_WorkSpace\Chain_ShapeMatching\CSM\CSM\Debug\link.8292-cvtres.write.1.tlog
F:\WorkPlace\VS WorkPlace\OpenGL_WorkSpace\Chain_ShapeMatching\CSM\CSM\Debug\link.8292-rc.read.1.tlog
F:\WorkPlace\VS WorkPlace\OpenGL_WorkSpace\Chain_ShapeMatching\CSM\CSM\Debug\link.8292-rc.write.1.tlog
F:\WorkPlace\VS WorkPlace\OpenGL_WorkSpace\Chain_ShapeMatching\CSM\CSM\Debug\link.8292.read.1.tlog
F:\WorkPlace\VS WorkPlace\OpenGL_WorkSpace\Chain_ShapeMatching\CSM\CSM\Debug\link.8292.write.1.tlog
F:\WorkPlace\VS WorkPlace\OpenGL_WorkSpace\Chain_ShapeMatching\CSM\CSM\Debug\link.8356-cvtres.read.1.tlog
F:\WorkPlace\VS WorkPlace\OpenGL_WorkSpace\Chain_ShapeMatching\CSM\CSM\Debug\link.8356-cvtres.write.1.tlog
F:\WorkPlace\VS WorkPlace\OpenGL_WorkSpace\Chain_ShapeMatching\CSM\CSM\Debug\link.8356-rc.read.1.tlog
F:\WorkPlace\VS WorkPlace\OpenGL_WorkSpace\Chain_ShapeMatching\CSM\CSM\Debug\link.8356-rc.write.1.tlog
F:\WorkPlace\VS WorkPlace\OpenGL_WorkSpace\Chain_ShapeMatching\CSM\CSM\Debug\link.8356.read.1.tlog
F:\WorkPlace\VS WorkPlace\OpenGL_WorkSpace\Chain_ShapeMatching\CSM\CSM\Debug\link.8356.write.1.tlog
F:\WorkPlace\VS WorkPlace\OpenGL_WorkSpace\Chain_ShapeMatching\CSM\CSM\Debug\link.8688-cvtres.read.1.tlog
F:\WorkPlace\VS WorkPlace\OpenGL_WorkSpace\Chain_ShapeMatching\CSM\CSM\Debug\link.8688-cvtres.write.1.tlog
F:\WorkPlace\VS WorkPlace\OpenGL_WorkSpace\Chain_ShapeMatching\CSM\CSM\Debug\link.8688-rc.read.1.tlog
F:\WorkPlace\VS WorkPlace\OpenGL_WorkSpace\Chain_ShapeMatching\CSM\CSM\Debug\link.8688-rc.write.1.tlog
F:\WorkPlace\VS WorkPlace\OpenGL_WorkSpace\Chain_ShapeMatching\CSM\CSM\Debug\link.8688.read.1.tlog
F:\WorkPlace\VS WorkPlace\OpenGL_WorkSpace\Chain_ShapeMatching\CSM\CSM\Debug\link.8688.write.1.tlog
F:\WorkPlace\VS WorkPlace\OpenGL_WorkSpace\Chain_ShapeMatching\CSM\CSM\Debug\link.9000-cvtres.read.1.tlog
F:\WorkPlace\VS WorkPlace\OpenGL_WorkSpace\Chain_ShapeMatching\CSM\CSM\Debug\link.9000-cvtres.write.1.tlog
F:\WorkPlace\VS WorkPlace\OpenGL_WorkSpace\Chain_ShapeMatching\CSM\CSM\Debug\link.9000-rc.read.1.tlog
F:\WorkPlace\VS WorkPlace\OpenGL_WorkSpace\Chain_ShapeMatching\CSM\CSM\Debug\link.9000-rc.write.1.tlog
F:\WorkPlace\VS WorkPlace\OpenGL_WorkSpace\Chain_ShapeMatching\CSM\CSM\Debug\link.9000.read.1.tlog
F:\WorkPlace\VS WorkPlace\OpenGL_WorkSpace\Chain_ShapeMatching\CSM\CSM\Debug\link.9000.write.1.tlog
F:\WorkPlace\VS WorkPlace\OpenGL_WorkSpace\Chain_ShapeMatching\CSM\CSM\Debug\link.9460-cvtres.read.1.tlog
F:\WorkPlace\VS WorkPlace\OpenGL_WorkSpace\Chain_ShapeMatching\CSM\CSM\Debug\link.9460-cvtres.write.1.tlog
F:\WorkPlace\VS WorkPlace\OpenGL_WorkSpace\Chain_ShapeMatching\CSM\CSM\Debug\link.9460-rc.read.1.tlog
F:\WorkPlace\VS WorkPlace\OpenGL_WorkSpace\Chain_ShapeMatching\CSM\CSM\Debug\link.9460-rc.write.1.tlog
F:\WorkPlace\VS WorkPlace\OpenGL_WorkSpace\Chain_ShapeMatching\CSM\CSM\Debug\link.9460.read.1.tlog
F:\WorkPlace\VS WorkPlace\OpenGL_WorkSpace\Chain_ShapeMatching\CSM\CSM\Debug\link.9460.write.1.tlog
F:\WorkPlace\VS WorkPlace\OpenGL_WorkSpace\Chain_ShapeMatching\CSM\CSM\Debug\link.command.1.tlog
F:\WorkPlace\VS WorkPlace\OpenGL_WorkSpace\Chain_ShapeMatching\CSM\CSM\Debug\link.read.1.tlog
F:\WorkPlace\VS WorkPlace\OpenGL_WorkSpace\Chain_ShapeMatching\CSM\CSM\Debug\link.write.1.tlog
F:\WorkPlace\VS WorkPlace\OpenGL_WorkSpace\Chain_ShapeMatching\CSM\CSM\Debug\vc110.idb
F:\WorkPlace\VS WorkPlace\OpenGL_WorkSpace\Chain_ShapeMatching\CSM\CSM\Debug\vc110.pdb
F:\WorkPlace\VS WorkPlace\OpenGL_WorkSpace\Chain_ShapeMatching\CSM\Debug\CSM.pdb
F:\WorkPlace\VS WorkPlace\OpenGL_WorkSpace\Chain_ShapeMatching\CSM\Debug\CSM.exe
F:\WorkPlace\VS WorkPlace\OpenGL_WorkSpace\Chain_ShapeMatching\CSM\Debug\CSM.ilk
