F:\WORKPLACE\VS WORKPLACE\GITHUB上传\OPENGL_PROJECTS\SPH_CPU\SPH_CPU\SPH_CPU\DEBUG\GLMAIN.OBJ
F:\WORKPLACE\VS WORKPLACE\GITHUB上传\OPENGL_PROJECTS\SPH_CPU\SPH_CPU\SPH_CPU\DEBUG\SPH_SYSTEM.OBJ
F:\WORKPLACE\VS WORKPLACE\GITHUB上传\OPENGL_PROJECTS\SPH_CPU\SPH_CPU\SPH_CPU\DEBUG\SPH_TIMER.OBJ
F:\WORKPLACE\VS WORKPLACE\GITHUB上传\OPENGL_PROJECTS\SPH_CPU\SPH_CPU\SPH_CPU\DEBUG\VC110.PDB
F:\WORKPLACE\VS WORKPLACE\GITHUB上传\OPENGL_PROJECTS\SPH_CPU\SPH_CPU\SPH_CPU\DEBUG\WALL.OBJ
F:\WORKPLACE\VS WORKPLACE\GITHUB上传\OPENGL_PROJECTS\SPH_CPU\SPH_CPU\DEBUG\SPH_CPU.ILK
F:\WORKPLACE\VS WORKPLACE\GITHUB上传\OPENGL_PROJECTS\SPH_CPU\SPH_CPU\DEBUG\SPH_CPU.EXE
F:\WORKPLACE\VS WORKPLACE\GITHUB上传\OPENGL_PROJECTS\SPH_CPU\SPH_CPU\DEBUG\SPH_CPU.PDB
F:\WorkPlace\VS WorkPlace\GitHub上传\OpenGL_projects\SPH_CPU\SPH_CPU\SPH_CPU\Debug\glmain.obj
F:\WorkPlace\VS WorkPlace\GitHub上传\OpenGL_projects\SPH_CPU\SPH_CPU\SPH_CPU\Debug\sph_timer.obj
F:\WorkPlace\VS WorkPlace\GitHub上传\OpenGL_projects\SPH_CPU\SPH_CPU\SPH_CPU\Debug\Wall.obj
F:\WorkPlace\VS WorkPlace\GitHub上传\OpenGL_projects\SPH_CPU\SPH_CPU\SPH_CPU\Debug\cl.command.1.tlog
F:\WorkPlace\VS WorkPlace\GitHub上传\OpenGL_projects\SPH_CPU\SPH_CPU\SPH_CPU\Debug\CL.read.1.tlog
F:\WorkPlace\VS WorkPlace\GitHub上传\OpenGL_projects\SPH_CPU\SPH_CPU\SPH_CPU\Debug\CL.write.1.tlog
F:\WorkPlace\VS WorkPlace\GitHub上传\OpenGL_projects\SPH_CPU\SPH_CPU\SPH_CPU\Debug\link-cvtres.read.1.tlog
F:\WorkPlace\VS WorkPlace\GitHub上传\OpenGL_projects\SPH_CPU\SPH_CPU\SPH_CPU\Debug\link-cvtres.write.1.tlog
F:\WorkPlace\VS WorkPlace\GitHub上传\OpenGL_projects\SPH_CPU\SPH_CPU\SPH_CPU\Debug\link-rc.read.1.tlog
F:\WorkPlace\VS WorkPlace\GitHub上传\OpenGL_projects\SPH_CPU\SPH_CPU\SPH_CPU\Debug\link-rc.write.1.tlog
F:\WorkPlace\VS WorkPlace\GitHub上传\OpenGL_projects\SPH_CPU\SPH_CPU\SPH_CPU\Debug\link.10104-cvtres.read.1.tlog
F:\WorkPlace\VS WorkPlace\GitHub上传\OpenGL_projects\SPH_CPU\SPH_CPU\SPH_CPU\Debug\link.10104-cvtres.write.1.tlog
F:\WorkPlace\VS WorkPlace\GitHub上传\OpenGL_projects\SPH_CPU\SPH_CPU\SPH_CPU\Debug\link.10104-rc.read.1.tlog
F:\WorkPlace\VS WorkPlace\GitHub上传\OpenGL_projects\SPH_CPU\SPH_CPU\SPH_CPU\Debug\link.10104-rc.write.1.tlog
F:\WorkPlace\VS WorkPlace\GitHub上传\OpenGL_projects\SPH_CPU\SPH_CPU\SPH_CPU\Debug\link.10104.read.1.tlog
F:\WorkPlace\VS WorkPlace\GitHub上传\OpenGL_projects\SPH_CPU\SPH_CPU\SPH_CPU\Debug\link.10104.write.1.tlog
F:\WorkPlace\VS WorkPlace\GitHub上传\OpenGL_projects\SPH_CPU\SPH_CPU\SPH_CPU\Debug\link.11656-cvtres.read.1.tlog
F:\WorkPlace\VS WorkPlace\GitHub上传\OpenGL_projects\SPH_CPU\SPH_CPU\SPH_CPU\Debug\link.11656-cvtres.write.1.tlog
F:\WorkPlace\VS WorkPlace\GitHub上传\OpenGL_projects\SPH_CPU\SPH_CPU\SPH_CPU\Debug\link.11656-rc.read.1.tlog
F:\WorkPlace\VS WorkPlace\GitHub上传\OpenGL_projects\SPH_CPU\SPH_CPU\SPH_CPU\Debug\link.11656-rc.write.1.tlog
F:\WorkPlace\VS WorkPlace\GitHub上传\OpenGL_projects\SPH_CPU\SPH_CPU\SPH_CPU\Debug\link.11656.read.1.tlog
F:\WorkPlace\VS WorkPlace\GitHub上传\OpenGL_projects\SPH_CPU\SPH_CPU\SPH_CPU\Debug\link.11656.write.1.tlog
F:\WorkPlace\VS WorkPlace\GitHub上传\OpenGL_projects\SPH_CPU\SPH_CPU\SPH_CPU\Debug\link.2116-cvtres.read.1.tlog
F:\WorkPlace\VS WorkPlace\GitHub上传\OpenGL_projects\SPH_CPU\SPH_CPU\SPH_CPU\Debug\link.2116-cvtres.write.1.tlog
F:\WorkPlace\VS WorkPlace\GitHub上传\OpenGL_projects\SPH_CPU\SPH_CPU\SPH_CPU\Debug\link.2116-rc.read.1.tlog
F:\WorkPlace\VS WorkPlace\GitHub上传\OpenGL_projects\SPH_CPU\SPH_CPU\SPH_CPU\Debug\link.2116-rc.write.1.tlog
F:\WorkPlace\VS WorkPlace\GitHub上传\OpenGL_projects\SPH_CPU\SPH_CPU\SPH_CPU\Debug\link.2116.read.1.tlog
F:\WorkPlace\VS WorkPlace\GitHub上传\OpenGL_projects\SPH_CPU\SPH_CPU\SPH_CPU\Debug\link.2116.write.1.tlog
F:\WorkPlace\VS WorkPlace\GitHub上传\OpenGL_projects\SPH_CPU\SPH_CPU\SPH_CPU\Debug\link.command.1.tlog
F:\WorkPlace\VS WorkPlace\GitHub上传\OpenGL_projects\SPH_CPU\SPH_CPU\SPH_CPU\Debug\link.read.1.tlog
F:\WorkPlace\VS WorkPlace\GitHub上传\OpenGL_projects\SPH_CPU\SPH_CPU\SPH_CPU\Debug\link.write.1.tlog
F:\WorkPlace\VS WorkPlace\GitHub上传\OpenGL_projects\SPH_CPU\SPH_CPU\SPH_CPU\Debug\vc110.idb
F:\WorkPlace\VS WorkPlace\GitHub上传\OpenGL_projects\SPH_CPU\SPH_CPU\SPH_CPU\Debug\vc110.pdb
F:\WorkPlace\VS WorkPlace\GitHub上传\OpenGL_projects\SPH_CPU\SPH_CPU\Debug\SPH_CPU.pdb
F:\WorkPlace\VS WorkPlace\GitHub上传\OpenGL_projects\SPH_CPU\SPH_CPU\Debug\SPH_CPU.exe
F:\WorkPlace\VS WorkPlace\GitHub上传\OpenGL_projects\SPH_CPU\SPH_CPU\Debug\SPH_CPU.ilk
