Build started 2016/07/26 15:10:22.
     1>Project "F:\WorkPlace\VS WorkPlace\GitHub上传\OpenGL_projects\SPH_CPU\SPH_CPU\SPH_CPU\SPH_CPU.vcxproj" on node 2 (Build target(s)).
     1>ClCompile:
         C:\Program Files (x86)\Microsoft Visual Studio 11.0\VC\bin\CL.exe /c /ZI /nologo /W3 /WX- /sdl /Od /Oy- /D WIN32 /D _DEBUG /D _CONSOLE /D _CRT_SECURE_NO_WARNINGS /D _UNICODE /D UNICODE /Gm /EHsc /RTC1 /MDd /GS /fp:precise /Zc:wchar_t /Zc:forScope /Fo"Debug\\" /Fd"Debug\vc110.pdb" /Gd /TP /analyze- /errorReport:prompt glmain.cpp
         glmain.cpp
     1>f:\workplace\vs workplace\common\shared\inc\rx_matrix.h(1922): warning C4244: 'initializing' : conversion from 'double' to 'float', possible loss of data
     1>f:\workplace\vs workplace\common\shared\inc\rx_matrix.h(1923): warning C4244: 'initializing' : conversion from 'double' to 'float', possible loss of data
     1>f:\workplace\vs workplace\common\shared\inc\rx_matrix.h(1925): warning C4244: 'initializing' : conversion from 'double' to 'float', possible loss of data
     1>f:\workplace\vs workplace\common\shared\inc\rx_matrix.h(1934): warning C4244: 'initializing' : conversion from 'double' to 'float', possible loss of data
     1>f:\workplace\vs workplace\common\shared\inc\rx_matrix.h(1935): warning C4244: 'initializing' : conversion from 'double' to 'float', possible loss of data
     1>f:\workplace\vs workplace\common\shared\inc\rx_matrix.h(1942): warning C4244: 'initializing' : conversion from 'double' to 'float', possible loss of data
     1>f:\workplace\vs workplace\common\shared\inc\rx_matrix.h(1943): warning C4244: 'initializing' : conversion from 'double' to 'float', possible loss of data
     1>f:\workplace\vs workplace\common\shared\inc\rx_matrix.h(1964): warning C4244: '=' : conversion from 'double' to 'float', possible loss of data
     1>f:\workplace\vs workplace\common\shared\inc\rx_matrix.h(1989): warning C4244: '=' : conversion from 'double' to 'float', possible loss of data
     1>f:\workplace\vs workplace\common\shared\inc\rx_matrix.h(1990): warning C4244: '=' : conversion from 'double' to 'float', possible loss of data
     1>f:\workplace\vs workplace\github上传\opengl_projects\sph_cpu\sph_cpu\sph_cpu\glmain.cpp(165): warning C4244: 'argument' : conversion from 'float' to 'GLsizei', possible loss of data
     1>f:\workplace\vs workplace\github上传\opengl_projects\sph_cpu\sph_cpu\sph_cpu\glmain.cpp(256): warning C4305: 'argument' : truncation from 'double' to 'GLfloat'
     1>f:\workplace\vs workplace\github上传\opengl_projects\sph_cpu\sph_cpu\sph_cpu\glmain.cpp(279): warning C4244: '=' : conversion from 'GLint' to 'float', possible loss of data
     1>f:\workplace\vs workplace\github上传\opengl_projects\sph_cpu\sph_cpu\sph_cpu\glmain.cpp(280): warning C4244: '=' : conversion from 'GLint' to 'float', possible loss of data
     1>f:\workplace\vs workplace\github上传\opengl_projects\sph_cpu\sph_cpu\sph_cpu\glmain.cpp(376): warning C4244: 'argument' : conversion from 'float' to 'int', possible loss of data
       Link:
         C:\Program Files (x86)\Microsoft Visual Studio 11.0\VC\bin\link.exe /ERRORREPORT:PROMPT /OUT:"F:\WorkPlace\VS WorkPlace\GitHub上传\OpenGL_projects\SPH_CPU\SPH_CPU\Debug\SPH_CPU.exe" /INCREMENTAL /NOLOGO kernel32.lib user32.lib gdi32.lib winspool.lib comdlg32.lib advapi32.lib shell32.lib ole32.lib oleaut32.lib uuid.lib odbc32.lib odbccp32.lib /MANIFEST /MANIFESTUAC:"level='asInvoker' uiAccess='false'" /manifest:embed /DEBUG /PDB:"F:\WorkPlace\VS WorkPlace\GitHub上传\OpenGL_projects\SPH_CPU\SPH_CPU\Debug\SPH_CPU.pdb" /SUBSYSTEM:CONSOLE /TLBID:1 /DYNAMICBASE /NXCOMPAT /IMPLIB:"F:\WorkPlace\VS WorkPlace\GitHub上传\OpenGL_projects\SPH_CPU\SPH_CPU\Debug\SPH_CPU.lib" /MACHINE:X86 Debug\glmain.obj
         Debug\sph_system.obj
         Debug\sph_timer.obj
         Debug\Wall.obj
         SPH_CPU.vcxproj -> F:\WorkPlace\VS WorkPlace\GitHub上传\OpenGL_projects\SPH_CPU\SPH_CPU\Debug\SPH_CPU.exe
     1>Done Building Project "F:\WorkPlace\VS WorkPlace\GitHub上传\OpenGL_projects\SPH_CPU\SPH_CPU\SPH_CPU\SPH_CPU.vcxproj" (Build target(s)).

Build succeeded.

Time Elapsed 00:00:01.93
