F:\WORKPLACE\VS WORKPLACE\OPENGL_WORKSPACE\STRING_MASSSPRING\MASSSPRING\MASSSPRING\DEBUG\RX_TRACKBALL.OBJ
F:\WORKPLACE\VS WORKPLACE\OPENGL_WORKSPACE\STRING_MASSSPRING\MASSSPRING\MASSSPRING\DEBUG\GLMAIN.OBJ
F:\WORKPLACE\VS WORKPLACE\OPENGL_WORKSPACE\STRING_MASSSPRING\MASSSPRING\MASSSPRING\DEBUG\MASS.OBJ
F:\WORKPLACE\VS WORKPLACE\OPENGL_WORKSPACE\STRING_MASSSPRING\MASSSPRING\MASSSPRING\DEBUG\VC110.PDB
F:\WORKPLACE\VS WORKPLACE\OPENGL_WORKSPACE\STRING_MASSSPRING\MASSSPRING\MASSSPRING\DEBUG\SPRING.OBJ
F:\WORKPLACE\VS WORKPLACE\OPENGL_WORKSPACE\STRING_MASSSPRING\MASSSPRING\MASSSPRING\DEBUG\ROPESIMULATOR.OBJ
F:\WorkPlace\VS WorkPlace\OpenGL_WorkSpace\String_massSpring\MassSpring\MassSpring\Debug\glmain.obj
F:\WorkPlace\VS WorkPlace\OpenGL_WorkSpace\String_massSpring\MassSpring\MassSpring\Debug\mass.obj
F:\WorkPlace\VS WorkPlace\OpenGL_WorkSpace\String_massSpring\MassSpring\MassSpring\Debug\ropesimulator.obj
F:\WorkPlace\VS WorkPlace\OpenGL_WorkSpace\String_massSpring\MassSpring\MassSpring\Debug\rx_trackball.obj
F:\WorkPlace\VS WorkPlace\OpenGL_WorkSpace\String_massSpring\MassSpring\MassSpring\Debug\spring.obj
F:\WorkPlace\VS WorkPlace\OpenGL_WorkSpace\String_massSpring\MassSpring\MassSpring\Debug\cl.command.1.tlog
F:\WorkPlace\VS WorkPlace\OpenGL_WorkSpace\String_massSpring\MassSpring\MassSpring\Debug\CL.read.1.tlog
F:\WorkPlace\VS WorkPlace\OpenGL_WorkSpace\String_massSpring\MassSpring\MassSpring\Debug\CL.write.1.tlog
F:\WorkPlace\VS WorkPlace\OpenGL_WorkSpace\String_massSpring\MassSpring\MassSpring\Debug\link-cvtres.read.1.tlog
F:\WorkPlace\VS WorkPlace\OpenGL_WorkSpace\String_massSpring\MassSpring\MassSpring\Debug\link-cvtres.write.1.tlog
F:\WorkPlace\VS WorkPlace\OpenGL_WorkSpace\String_massSpring\MassSpring\MassSpring\Debug\link-rc.read.1.tlog
F:\WorkPlace\VS WorkPlace\OpenGL_WorkSpace\String_massSpring\MassSpring\MassSpring\Debug\link-rc.write.1.tlog
F:\WorkPlace\VS WorkPlace\OpenGL_WorkSpace\String_massSpring\MassSpring\MassSpring\Debug\link.command.1.tlog
F:\WorkPlace\VS WorkPlace\OpenGL_WorkSpace\String_massSpring\MassSpring\MassSpring\Debug\link.read.1.tlog
F:\WorkPlace\VS WorkPlace\OpenGL_WorkSpace\String_massSpring\MassSpring\MassSpring\Debug\link.write.1.tlog
F:\WorkPlace\VS WorkPlace\OpenGL_WorkSpace\String_massSpring\MassSpring\MassSpring\Debug\vc110.idb
F:\WorkPlace\VS WorkPlace\OpenGL_WorkSpace\String_massSpring\MassSpring\MassSpring\Debug\vc110.pdb
F:\WorkPlace\VS WorkPlace\OpenGL_WorkSpace\String_massSpring\MassSpring\Debug\MassSpring.pdb
